
/system/lib/libxml.so:     file format
architecture: notf, flags 0x05000000:

start address 0x00000000

Contents of section .dynsym:
 0114 00000000 00000000 00000000 00000000  ................
 0124 01000000 340d0000 94000000 12000700  ....4...........
 0134 19000000 00000000 00000000 12000000  ................
 0144 30000000 b0390000 14010000 12000700  0...°9..........
 0154 55000000 c80d0000 14010000 12000700  U...È...........
 0164 79000000 00000000 00000000 12000000  y...............
 0174 80000000 00000000 00000000 12000000  ................
 0184 88000000 dc0e0000 ac000000 12000700  ....Ü...¬.......
 0194 a2000000 880f0000 c4010000 12000700  ¢.......Ä.......
 01a4 b9000000 4c110000 68000000 12000700  ¹...L...h.......
 01b4 d1000000 3c490000 44010000 12000700  Ñ...<I..D.......
 01c4 e5000000 804a0000 2c000000 12000700  å....J..,.......
 01d4 02010000 00000000 00000000 12000000  ................
 01e4 0e010000 00000000 00000000 12000000  ................
 01f4 1f010000 00000000 00000000 11000000  ................
 0204 31010000 00000000 00000000 12000000  1...............
 0214 48010000 a4180000 88000000 12000700  H...¤...........
 0224 62010000 00700000 18000000 11001100  b....p..........
 0234 77010000 2c190000 c0010000 12000700  w...,...À.......
 0244 95010000 ec1a0000 7c010000 12000700  ....ì...|.......
 0254 ab010000 681c0000 9c030000 12000700  «...h...........
 0264 c4010000 04200000 98020000 12000700  Ä.... ..........
 0274 da010000 9c220000 d0010000 12000700  Ú...."..Ð.......
 0284 f2010000 6c240000 b8000000 12000700  ò...l$..¸.......
 0294 07020000 24250000 c8010000 12000700  ....$%..È.......
 02a4 21020000 ec260000 c0000000 12000700  !...ì&..À.......
 02b4 3b020000 8c6a0000 b0010000 11000b00  ;....j..°.......
 02c4 57020000 00000000 00000000 12000000  W...............
 02d4 5e020000 88480000 b4000000 12000700  ^....H..´.......
 02e4 72020000 ec2a0000 10000000 12000700  r...ì*..........
 02f4 85020000 9c330000 14060000 12000700  .....3..........
 0304 99020000 00000000 00000000 12000000  ................
 0314 a7020000 083b0000 e4010000 12000700  §....;..ä.......
 0324 c4020000 ec3c0000 88010000 12000700  Ä...ì<..........
 0334 d9020000 743e0000 34030000 12000700  Ù...t>..4.......
 0344 f1020000 a8410000 70020000 12000700  ñ...¨A..p.......
 0354 06030000 18440000 90010000 12000700  .....D..........
 0364 1d030000 a8450000 ac000000 12000700  ....¨E..¬.......
 0374 31030000 54460000 7c010000 12000700  1...TF..|.......
 0384 4a030000 d0470000 b8000000 12000700  J...ÐG..¸.......
 0394 63030000 b46c0000 b0010000 11000b00  c...´l..°.......
 03a4 7e030000 00000000 00000000 12000000  ~...............
 03b4 88030000 ac4a0000 0c000000 12000700  ....¬J..........
 03c4 95030000 00000000 00000000 12000000  ................
 03d4 a4030000 20700000 00000000 10001200  ¤... p..........
 03e4 b1030000 ac6e0000 00000000 10000d00  ±...¬n..........
 03f4 c0030000 b46e0000 00000000 10000e00  À...´n..........
 0404 cf030000 18700000 00000000 1000f1ff  Ï....p........ñÿ
 0414 d6030000 18700000 00000000 1000f1ff  Ö....p........ñÿ
 0424 e2030000 30700000 00000000 1000f1ff  â...0p........ñÿ
Contents of section .dynstr:
 0434 00786d6c 6c69625f 6465636c 5f636865  .xmllib_decl_che
 0444 636b5f76 616c7565 005f5f61 65616269  ck_value.__aeabi
 0454 5f756e77 696e645f 6370705f 70723000  _unwind_cpp_pr0.
 0464 786d6c6c 6962695f 6465636c 5f617363  xmllibi_decl_asc
 0474 69695f63 6865636b 5f76616c 75655f63  ii_check_value_c
 0484 6f6e7374 00786d6c 6c696269 5f646563  onst.xmllibi_dec
 0494 6c5f7574 66385f63 6865636b 5f76616c  l_utf8_check_val
 04a4 75655f63 6f6e7374 00737472 6c656e00  ue_const.strlen.
 04b4 7374726e 636d7000 786d6c6c 6962695f  strncmp.xmllibi_
 04c4 75746638 5f69735f 7365715f 76616c69  utf8_is_seq_vali
 04d4 6400786d 6c6c6962 695f7574 66385f70  d.xmllibi_utf8_p
 04e4 65656b62 79746573 00786d6c 6c696269  eekbytes.xmllibi
 04f4 5f757466 385f6465 636f645f 74657374  _utf8_decod_test
 0504 00786d6c 6c69625f 746f6b5f 67656e65  .xmllib_tok_gene
 0514 72617465 00786d6c 6c69625f 636f6d6d  rate.xmllib_comm
 0524 6f6e5f66 6f726d61 745f6c6f 675f6d73  on_format_log_ms
 0534 67006d73 675f7370 72696e74 66005f5f  g.msg_sprintf.__
 0544 73746163 6b5f6368 6b5f6661 696c005f  stack_chk_fail._
 0554 5f737461 636b5f63 686b5f67 75617264  _stack_chk_guard
 0564 005f5f61 65616269 5f756e77 696e645f  .__aeabi_unwind_
 0574 6370705f 70723100 786d6c6c 69625f67  cpp_pr1.xmllib_g
 0584 656e6572 61746f72 5f67656e 65726174  enerator_generat
 0594 6500786d 6c6c6962 695f6765 6e5f6670  e.xmllibi_gen_fp
 05a4 74725f74 626c0078 6d6c6c69 62695f74  tr_tbl.xmllibi_t
 05b4 6f6b5f61 73636969 5f737461 72745f74  ok_ascii_start_t
 05c4 6f6b656e 00786d6c 6c696269 5f746f6b  oken.xmllibi_tok
 05d4 5f617363 69695f64 74640078 6d6c6c69  _ascii_dtd.xmlli
 05e4 62695f74 6f6b5f61 73636969 5f656e74  bi_tok_ascii_ent
 05f4 69747900 786d6c6c 6962695f 746f6b5f  ity.xmllibi_tok_
 0604 61736369 695f7461 6700786d 6c6c6962  ascii_tag.xmllib
 0614 695f746f 6b5f6173 6369695f 63646174  i_tok_ascii_cdat
 0624 6100786d 6c6c6962 695f746f 6b5f6173  a.xmllibi_tok_as
 0634 6369695f 70690078 6d6c6c69 62695f74  cii_pi.xmllibi_t
 0644 6f6b5f61 73636969 5f636f6d 6d656e74  ok_ascii_comment
 0654 00786d6c 6c696269 5f746f6b 5f617363  .xmllibi_tok_asc
 0664 69695f78 6d6c6465 636c0078 6d6c6c69  ii_xmldecl.xmlli
 0674 62695f74 6f6b5f67 656e5f61 73636969  bi_tok_gen_ascii
 0684 5f746162 6c65006d 656d7365 7400786d  _table.memset.xm
 0694 6c6c6962 5f746f6b 5f746f6b 656e697a  llib_tok_tokeniz
 06a4 6500786d 6c6c6962 5f706172 7365725f  e.xmllib_parser_
 06b4 66726565 00786d6c 6c69625f 70617273  free.xmllib_pars
 06c4 65725f70 61727365 00446961 675f4c53  er_parse.Diag_LS
 06d4 4d5f496e 69740078 6d6c6c69 62695f74  M_Init.xmllibi_t
 06e4 6f6b5f75 7466385f 73746172 745f746f  ok_utf8_start_to
 06f4 6b656e00 786d6c6c 6962695f 746f6b5f  ken.xmllibi_tok_
 0704 75746638 5f647464 00786d6c 6c696269  utf8_dtd.xmllibi
 0714 5f746f6b 5f757466 385f656e 74697479  _tok_utf8_entity
 0724 00786d6c 6c696269 5f746f6b 5f757466  .xmllibi_tok_utf
 0734 385f7461 6700786d 6c6c6962 695f746f  8_tag.xmllibi_to
 0744 6b5f7574 66385f63 64617461 00786d6c  k_utf8_cdata.xml
 0754 6c696269 5f746f6b 5f757466 385f7069  libi_tok_utf8_pi
 0764 00786d6c 6c696269 5f746f6b 5f757466  .xmllibi_tok_utf
 0774 385f636f 6d6d656e 7400786d 6c6c6962  8_comment.xmllib
 0784 695f746f 6b5f7574 66385f78 6d6c6465  i_tok_utf8_xmlde
 0794 636c0078 6d6c6c69 62695f74 6f6b5f67  cl.xmllibi_tok_g
 07a4 656e5f75 7466385f 7461626c 65007673  en_utf8_table.vs
 07b4 6e707269 6e746600 5f5f6f6e 5f646c63  nprintf.__on_dlc
 07c4 6c6f7365 005f5f63 78615f66 696e616c  lose.__cxa_final
 07d4 697a6500 5f5f6473 6f5f6861 6e646c65  ize.__dso_handle
 07e4 005f5f49 4e49545f 41525241 595f5f00  .__INIT_ARRAY__.
 07f4 5f5f4649 4e495f41 52524159 5f5f005f  __FINI_ARRAY__._
 0804 65646174 61005f5f 6273735f 73746172  edata.__bss_star
 0814 74005f65 6e64006c 69626c6f 672e736f  t._end.liblog.so
 0824 006c6962 63757469 6c732e73 6f006c69  .libcutils.so.li
 0834 62646961 672e736f 006c6962 632e736f  bdiag.so.libc.so
 0844 006c6962 73746463 2b2b2e73 6f006c69  .libstdc++.so.li
 0854 626d2e73 6f006c69 62786d6c 2e736f00  bm.so.libxml.so.
Contents of section .hash:
 0864 25000000 32000000 06000000 00000000  %...2...........
 0874 00000000 27000000 23000000 0f000000  ....'...#.......
 0884 00000000 16000000 19000000 21000000  ............!...
 0894 00000000 1c000000 2e000000 00000000  ................
 08a4 29000000 25000000 00000000 00000000  )...%...........
 08b4 2f000000 1a000000 24000000 11000000  /.......$.......
 08c4 0a000000 15000000 03000000 07000000  ................
 08d4 00000000 2d000000 14000000 26000000  ....-.......&...
 08e4 2b000000 31000000 22000000 00000000  +...1...".......
 08f4 00000000 30000000 2c000000 00000000  ....0...,.......
 0904 00000000 00000000 00000000 00000000  ................
 0914 00000000 00000000 00000000 00000000  ................
 0924 00000000 00000000 05000000 00000000  ................
 0934 00000000 00000000 00000000 00000000  ................
 0944 00000000 0e000000 0d000000 00000000  ................
 0954 00000000 09000000 02000000 0c000000  ................
 0964 08000000 10000000 00000000 12000000  ................
 0974 00000000 04000000 1e000000 00000000  ................
 0984 18000000 1b000000 17000000 1f000000  ................
 0994 00000000 0b000000 20000000 00000000  ........ .......
 09a4 01000000 1d000000 13000000 00000000  ................
 09b4 00000000 2a000000 00000000 28000000  ....*.......(...
 09c4 00000000                             ....            
Contents of section .rel.dyn:
 09c8 b84a0000 17000000 246a0000 17000000  ¸J......$j......
 09d8 2c6a0000 17000000 346a0000 17000000  ,j......4j......
 09e8 3c6a0000 17000000 446a0000 17000000  <j......Dj......
 09f8 4c6a0000 17000000 546a0000 17000000  Lj......Tj......
 0a08 5c6a0000 17000000 646a0000 17000000  \j......dj......
 0a18 746a0000 17000000 786a0000 17000000  tj......xj......
 0a28 846a0000 17000000 886a0000 17000000  .j.......j......
 0a38 a06a0000 17000000 b06a0000 17000000   j......°j......
 0a48 c06a0000 17000000 d06a0000 17000000  Àj......Ðj......
 0a58 e06a0000 17000000 f06a0000 17000000  àj......ðj......
 0a68 106b0000 17000000 206b0000 17000000  .k...... k......
 0a78 306b0000 17000000 406b0000 17000000  0k......@k......
 0a88 506b0000 17000000 606b0000 17000000  Pk......`k......
 0a98 706b0000 17000000 806b0000 17000000  pk.......k......
 0aa8 a06b0000 17000000 006c0000 17000000   k.......l......
 0ab8 446c0000 17000000 486c0000 17000000  Dl......Hl......
 0ac8 546c0000 17000000 586c0000 17000000  Tl......Xl......
 0ad8 646c0000 17000000 686c0000 17000000  dl......hl......
 0ae8 6c6c0000 17000000 746c0000 17000000  ll......tl......
 0af8 7c6c0000 17000000 846c0000 17000000  |l.......l......
 0b08 8c6c0000 17000000 946c0000 17000000  .l.......l......
 0b18 9c6c0000 17000000 a46c0000 17000000  .l......¤l......
 0b28 ac6c0000 17000000 c86c0000 17000000  ¬l......Èl......
 0b38 d86c0000 17000000 e86c0000 17000000  Øl......èl......
 0b48 f86c0000 17000000 086d0000 17000000  øl.......m......
 0b58 186d0000 17000000 386d0000 17000000  .m......8m......
 0b68 486d0000 17000000 586d0000 17000000  Hm......Xm......
 0b78 686d0000 17000000 786d0000 17000000  hm......xm......
 0b88 886d0000 17000000 986d0000 17000000  .m.......m......
 0b98 a86d0000 17000000 c86d0000 17000000  ¨m......Èm......
 0ba8 286e0000 17000000 646e0000 17000000  (n......dn......
 0bb8 686e0000 17000000 6c6e0000 17000000  hn......ln......
 0bc8 706e0000 17000000 746e0000 17000000  pn......tn......
 0bd8 786e0000 17000000 7c6e0000 17000000  xn......|n......
 0be8 806e0000 17000000 846e0000 17000000  .n.......n......
 0bf8 886e0000 17000000 8c6e0000 17000000  .n.......n......
 0c08 906e0000 17000000 946e0000 17000000  .n.......n......
 0c18 986e0000 17000000 9c6e0000 17000000  .n.......n......
 0c28 a06e0000 17000000 a46e0000 17000000   n......¤n......
 0c38 a86e0000 17000000 b86e0000 17000000  ¨n......¸n......
 0c48 00700000 17000000 04700000 17000000  .p.......p......
 0c58 08700000 17000000 0c700000 17000000  .p.......p......
 0c68 10700000 17000000 14700000 17000000  .p.......p......
 0c78 d06f0000 150e0000                    Ðo......        
Contents of section .rel.plt:
 0c80 e06f0000 16050000 e46f0000 16060000  ào......äo......
 0c90 e86f0000 160c0000 ec6f0000 160d0000  èo......ìo......
 0ca0 f06f0000 161b0000 f46f0000 161f0000  ðo......ôo......
 0cb0 f86f0000 16290000 fc6f0000 162b0000  øo...)..üo...+..
Contents of section .plt:
 0cc0 04e02de5 04e09fe5 0ee08fe0 08f0bee5  .à-å.à.å.à.à.ð¾å
 0cd0 04630000 00c68fe2 06ca8ce2 04f3bce5  .c...Æ.â.Ê.â.ó¼å
 0ce0 00c68fe2 06ca8ce2 fcf2bce5 00c68fe2  .Æ.â.Ê.âüò¼å.Æ.â
 0cf0 06ca8ce2 f4f2bce5 00c68fe2 06ca8ce2  .Ê.âôò¼å.Æ.â.Ê.â
 0d00 ecf2bce5 00c68fe2 06ca8ce2 e4f2bce5  ìò¼å.Æ.â.Ê.âäò¼å
 0d10 00c68fe2 06ca8ce2 dcf2bce5 00c68fe2  .Æ.â.Ê.âÜò¼å.Æ.â
 0d20 06ca8ce2 d4f2bce5 00c68fe2 06ca8ce2  .Ê.âÔò¼å.Æ.â.Ê.â
 0d30 ccf2bce5                             Ìò¼å            
Contents of section .text:
 0d34 010050e3 10402de9 00c0a093 01c0a083  ..Pã.@-é.À ..À .
 0d44 000051e3 0c40a011 01408c03 000054e3  ..Qã.@ ..@....Tã
 0d54 0c00001a 000053e3 0000e003 1080bd08  ......Sã..à...½.
 0d64 58c09fe5 0cc08fe0 00c19ce7 00005ce3  XÀ.å.À.à.Á.ç..\ã
 0d74 0c00000a 0100a0e1 0210a0e1 0320a0e1  ...... á.. á.  á
 0d84 3cff2fe1 1080bde8 000053e3 0900000a  <ÿ/á..½è..Sã....
 0d94 00005ce3 0000e0e3 01c0a003 04c0a013  ..\ã..àã.À ..À .
 0da4 00c083e5 1080bde8 01c0a0e3 0000e0e3  .À.å..½è.À ã..àã
 0db4 00c083e5 1080bde8 0000e0e3 1080bde8  .À.å..½è..àã..½è
 0dc4 f4600000 000050e3 00005213 f0412de9  ô`....Pã..R.ðA-é
 0dd4 0240a0e1 0050a013 0150a003 0100000a  .@ á.P ..P .....
 0de4 080051e3 0500009a 000054e3 0050e0e3  ..Qã......Tã.Pàã
 0df4 0130a013 00308415 0500a0e1 f081bde8  .0 ..0.... áð.½è
 0e04 c8609fe5 007090e5 06208fe0 046090e5  È`.å.p.å. .à.`.å
 0e14 813182e0 043093e5 000053e3 0d00000a  .1.à.0.å..Sã....
 0e24 010053e3 1b00000a a4309fe5 03e08fe0  ..Sã....¤0.å.à.à
 0e34 81819ee7 0800a0e1 a4ffffeb 060050e1  ...ç.. á¤ÿÿë..Pá
 0e44 1b00000a 0050e0e3 0510a0e3 0500a0e1  .....Pàã.. ã.. á
 0e54 001084e5 f081bde8 0000d7e5 270050e3  ...åð.½è..×å'.Pã
 0e64 22005013 f6ffff1a 068087e0 017087e2  ".P.öÿÿ....à.p.â
 0e74 026046e2 01c058e5 27005ce3 22005c13  .`Fâ.ÀXå'.\ã".\.
 0e84 0050a003 0150a013 0580a013 0050e013  .P ..P ... ..Pà.
 0e94 00808415 e3ffffea 0050d7e5 220055e3  ....ãÿÿê.P×å".Uã
 0ea4 27005513 0050a013 0150a003 ddffff1a  '.U..P ..P .Ýÿÿ.
 0eb4 ecffffea 0800a0e1 0710a0e1 0620a0e1  ìÿÿê.. á.. á.  á
 0ec4 85ffffeb 000050e3 caffff0a dcffffea  .ÿÿë..PãÊÿÿ.Üÿÿê
 0ed4 105c0000 ec5b0000 7f3b0de3 360b50e3  .\..ì[...;.ã6.Pã
 0ee4 03005011 04402de5 0030a013 0130a003  ..P..@-å.0 ..0 .
 0ef4 0000a003 1d00000a 802b0de3 ffcb0de3  .. ......+.ãÿË.ã
 0f04 020050e1 0c005011 0020a013 0120a003  ..Pá..P..  ..  .
 0f14 1800000a 804f0de3 370b50e3 04005011  .....O.ã7.Pã..P.
 0f24 0030a013 0130a003 0200a001 0f00000a  .0 ..0 ... .....
 0f34 ff2f0de3 020050e1 0e00000a 011041e2  ÿ/.ã..Pá......Aâ
 0f44 050051e3 0b00008a 30209fe5 02208fe0  ..Qã....0 .å. .à
 0f54 81c192e7 0c0050e1 0600003a 813182e0  .Á.ç..Pá...:.1.à
 0f64 041093e5 010050e1 0000a083 0100a093  ...å..Pá.. ... .
 0f74 1000bde8 1eff2fe1 0300a0e1 fbffffea  ..½è.ÿ/á.. áûÿÿê
 0f84 e43c0000 f0472de9 08d04de2 0240a0e1  ä<..ðG-é.ÐMâ.@ á
 0f94 0380a0e1 0cc090e5 07308de2 0120a0e3  .. á.À.å.0.â.  ã
 0fa4 0060a0e1 0150a0e1 28a09de5 3cff2fe1  .` á.P á( .å<ÿ/á
 0fb4 010070e3 0090a0e1 0030a003 00308805  ..pã.. á.0 ..0..
 0fc4 00308405 0f00000a 0720dde5 021082e2  .0....... Ýå...â
 0fd4 7100efe6 800052e3 01005013 0030a083  q.ïæ..Rã..P..0 .
 0fe4 0130a093 0130a093 00308895 4200009a  .0 ..0 ..0..B...
 0ff4 800012e3 01e0a0e3 00e088e5 0390a001  ...ã.à ã.à.å.. .
 1004 002084e5 0200001a 0900a0e1 08d08de2  . .å...... á.Ð.â
 1014 f087bde8 003098e5 8010a0e3 510312e0  ð.½è.0.å.. ãQ..à
 1024 0800000a 060053e3 0200009a 050000ea  ......Sã.......ê
 1034 070053e3 3600000a 013083e2 510312e0  ..Sã6....0.âQ..à
 1044 faffff1a 003088e5 010043e2 00c070e2  úÿÿ..0.å..Câ.Àpâ
 1054 0020ace0 060053e3 01208283 000052e3  . ¬à..Sã. ....Rã
 1064 2700001a 001094e5 ff70a0e3 013083e2  '......åÿp ã.0.â
 1074 570301e0 000084e5 007098e5 010057e3  W..à...å.p.å..Wã
 1084 2500000a 027047e2 0a0000ea 07c0dde5  %....pGâ...ê.ÀÝå
 1094 7f000ce2 2c23a0e1 020052e3 2500001a  ...â,# á..Rã%...
 10a4 002094e5 000057e3 0170a0e1 020080e1  . .å..Wã.p á...á
 10b4 000084e5 1800000a 015085e2 00e3a0e1  ...å.....P.â.ã á
 10c4 0c9096e5 0600a0e1 0510a0e1 00e084e5  ...å.. á.. á.à.å
 10d4 0120a0e3 07308de2 39ff2fe1 011047e2  .  ã.0.â9ÿ/á..Gâ
 10e4 010070e3 0090a0e1 e7ffff1a 001098e5  ..pã.. áçÿÿ....å
 10f4 010041e2 007067e0 007088e5 0030a0e3  ..Aâ.pgà.p.å.0 ã
 1104 003084e5 08e0a0e3 0090e0e3 00e08ae5  .0.å.à ã..àã.à.å
 1114 bcffffea 003088e5 f9ffffea 000059e3  ¼ÿÿê.0.åùÿÿê..Yã
 1124 b8ffff1a 001098e5 6affffeb 000050e3  ¸ÿÿ....åjÿÿë..Pã
 1134 b4ffff1a f2ffffea 009098e5 097067e0  ´ÿÿ.òÿÿê...å.pgà
 1144 007088e5 ecffffea f0402de9 0040a0e1  .p.åìÿÿêð@-é.@ á
 1154 005090e5 14d04de2 0160a0e1 047095e5  .P.å.ÐMâ.` á.p.å
 1164 000057e3 0e00000a 0c308de2 0010a0e3  ..Wã.....0.â.. ã
 1174 08208de2 0400a0e1 00608de5 80ffffeb  . .â.. á.`.å.ÿÿë
 1184 10c094e5 0020a0e3 0c109de5 0070a0e1  .À.å.  ã...å.p á
 1194 0400a0e1 3cff2fe1 043095e5 000053e3  .. á<ÿ/á.0.å..Sã
 11a4 f0ffff1a 0700a0e1 14d08de2 f080bde8  ðÿÿ... á.Ð.âð.½è
 11b4 f0412de9 08d04de2 0060a0e1 0140a0e1  ðA-é.ÐMâ.` á.@ á
 11c4 20809de5 0250a0e1 0370a0e1 160000ea   ..å.P á.p á...ê
 11d4 80018de8 d70d00eb 1110a0e3 0530a0e1  ...è×..ë.. ã.0 á
 11e4 00c050e2 0600a0e1 0c20a0e1 1a00001a  .ÀPâ.. á.  á....
 11f4 80018de8 cf0d00eb 082084e2 1310a0e3  ...èÏ..ë. .â.. ã
 1204 0530a0e1 00c050e2 0600a0e1 1200001a  .0 á.ÀPâ.. á....
 1214 80018de8 c70d00eb 00c050e2 0e00001a  ...èÇ..ë.ÀPâ....
 1224 104094e5 000054e3 0b00000a 0110a0e3  .@.å..Tã...... ã
 1234 0020a0e3 0530a0e1 0600a0e1 80018de8  .  ã.0 á.. á...è
 1244 bc0d00eb 0420a0e1 1210a0e3 0530a0e1  ¼..ë.  á.. ã.0 á
 1254 00c050e2 0600a0e1 dcffff0a 0c00a0e1  .ÀPâ.. áÜÿÿ... á
 1264 08d08de2 f081bde8 f0452de9 03a0a0e1  .Ð.âð.½èðE-é.  á
 1274 9c409fe5 85df4de2 00e091e5 0150a0e1  .@.å.ßMâ.à.å.P á
 1284 04409fe7 0070a0e1 05005ee3 0280a0e1  .@.ç.p á..^ã.. á
 1294 003094e5 30629de5 0c328de5 0c00009a  .0.å0b.å.2.å....
 12a4 70209fe5 0e30a0e1 07c0a0e3 021ca0e3  p .å.0 á.À ã.. ã
 12b4 0c008de2 02208fe0 00c086e5 ee0d00eb  ...â. .à.À.åî..ë
 12c4 54009fe5 0c108de2 00008fe0 85feffeb  T..å...â...à.þÿë
 12d4 00e095e5 44209fe5 0510a0e1 00608de5  .à.åD .å.. á.`.å
 12e4 0a30a0e1 02c08fe0 0700a0e1 0820a0e1  .0 á.À.à.. á.  á
 12f4 0ec19ce7 3cff2fe1 0c129de5 003094e5  .Á.ç<ÿ/á...å.0.å
 1304 030051e1 0100001a 85df8de2 f085bde8  ..Qá.....ß.âð.½è
 1314 77feffeb 445d0000 ac390000 a8570000  wþÿëD]..¬9..¨W..
 1324 105d0000 f0412de9 08d04de2 0260a0e1  .]..ðA-é.ÐMâ.` á
 1334 0350a0e1 20409de5 0020a0e3 0170a0e1  .P á @.å.  ã.p á
 1344 0630a0e1 0510a0e3 0080a0e1 00508de5  .0 á.. ã.. á.P.å
 1354 04408de5 770d00eb 002050e2 0900000a  .@.åw..ë. Pâ....
 1364 141097e5 000051e3 1700000a 0800a0e1  ...å..Qã...... á
 1374 0620a0e1 0530a0e1 20408de5 08d08de2  .  á.0 á @.å.Ð.â
 1384 f041bde8 b7ffffea 042087e2 0800a0e1  ðA½è·ÿÿê. .â.. á
 1394 1010a0e3 0630a0e1 00508de5 04408de5  .. ã.0 á.P.å.@.å
 13a4 640d00eb 002050e2 ecffff1a 0800a0e1  d..ë. Pâìÿÿ... á
 13b4 0d10a0e3 0630a0e1 00508de5 04408de5  .. ã.0 á.P.å.@.å
 13c4 5c0d00eb 0020a0e1 e4ffffea 0200a0e1  \..ë.  áäÿÿê.. á
 13d4 08d08de2 f081bde8 f0412de9 08d04de2  .Ð.âð.½èðA-é.ÐMâ
 13e4 0260a0e1 0350a0e1 20409de5 0170a0e1  .` á.P á @.å.p á
 13f4 0020a0e3 0310a0e3 0630a0e1 0080a0e1  .  ã.. ã.0 á.. á
 1404 00508de5 04408de5 4a0d00eb 000050e3  .P.å.@.åJ..ë..Pã
 1414 0100000a 08d08de2 f081bde8 0800a0e1  .....Ð.âð.½è.. á
 1424 1010a0e3 042087e2 0630a0e1 00508de5  .. ã. .â.0 á.P.å
 1434 04408de5 3f0d00eb 000050e3 f4ffff1a  .@.å?..ë..Pãôÿÿ.
 1444 0020a0e1 0110a0e3 0800a0e1 0630a0e1  .  á.. ã.. á.0 á
 1454 00508de5 04408de5 360d00eb 000050e3  .P.å.@.å6..ë..Pã
 1464 ebffff1a 0800a0e1 1010a0e3 0c2087e2  ëÿÿ... á.. ã. .â
 1474 0630a0e1 00508de5 04408de5 2d0d00eb  .0 á.P.å.@.å-..ë
 1484 000050e3 e2ffff1a 0020a0e1 0a10a0e3  ..Pãâÿÿ..  á.. ã
 1494 0800a0e1 0630a0e1 00508de5 04408de5  .. á.0 á.P.å.@.å
 14a4 240d00eb 000050e3 d9ffff1a 141097e5  $..ë..PãÙÿÿ....å
 14b4 000051e3 d6ffff0a 0800a0e1 0620a0e1  ..QãÖÿÿ... á.  á
 14c4 0530a0e1 20408de5 08d08de2 f041bde8  .0 á @.å.Ð.âðA½è
 14d4 64ffffea f0412de9 08d04de2 0260a0e1  dÿÿêðA-é.ÐMâ.` á
 14e4 0350a0e1 20409de5 0170a0e1 0020a0e3  .P á @.å.p á.  ã
 14f4 0210a0e3 0630a0e1 0080a0e1 00508de5  .. ã.0 á.. á.P.å
 1504 04408de5 0b0d00eb 000050e3 0900000a  .@.å...ë..Pã....
 1514 141097e5 000051e3 2100000a 0800a0e1  ...å..Qã!..... á
 1524 0620a0e1 0530a0e1 20408de5 08d08de2  .  á.0 á @.å.Ð.â
 1534 f041bde8 4bffffea 0800a0e1 1210a0e3  ðA½èKÿÿê.. á.. ã
 1544 042087e2 0630a0e1 00508de5 04408de5  . .â.0 á.P.å.@.å
 1554 f80c00eb 000050e3 ecffff1a 0c1097e5  ø..ë..Pãìÿÿ....å
 1564 000051e3 0600000a 0800a0e1 0620a0e1  ..Qã...... á.  á
 1574 0530a0e1 00408de5 0cffffeb 000050e3  .0 á.@.å.ÿÿë..Pã
 1584 e2ffff1a 0800a0e1 0c10a0e3 0020a0e3  âÿÿ... á.. ã.  ã
 1594 0630a0e1 00508de5 04408de5 e50c00eb  .0 á.P.å.@.åå..ë
 15a4 daffffea 08d08de2 f081bde8 f0412de9  Úÿÿê.Ð.âð.½èðA-é
 15b4 08d04de2 0260a0e1 0350a0e1 20409de5  .ÐMâ.` á.P á @.å
 15c4 0020a0e3 0170a0e1 0630a0e1 0210a0e3  .  ã.p á.0 á.. ã
 15d4 0080a0e1 00508de5 04408de5 d50c00eb  .. á.P.å.@.åÕ..ë
 15e4 002050e2 1400000a 101097e5 000051e3  . Pâ.......å..Qã
 15f4 0500000a 0620a0e1 0800a0e1 0530a0e1  .....  á.. á.0 á
 1604 00408de5 17ffffeb 0020a0e1 000052e3  .@.å.ÿÿë.  á..Rã
 1614 2500000a 141097e5 000051e3 3b00000a  %......å..Qã;...
 1624 0800a0e1 0620a0e1 0530a0e1 20408de5  .. á.  á.0 á @.å
 1634 08d08de2 f041bde8 0affffea 042087e2  .Ð.âðA½è.ÿÿê. .â
 1644 0800a0e1 1210a0e3 0630a0e1 00508de5  .. á.. ã.0 á.P.å
 1654 04408de5 b70c00eb 002050e2 e1ffff1a  .@.å·..ë. Pâáÿÿ.
 1664 0c1097e5 000051e3 0600000a 0620a0e1  ...å..Qã.....  á
 1674 0800a0e1 0530a0e1 00408de5 cbfeffeb  .. á.0 á.@.åËþÿë
 1684 002050e2 d7ffff1a 0020a0e3 0800a0e1  . Pâ×ÿÿ..  ã.. á
 1694 0910a0e3 0630a0e1 00508de5 04408de5  .. ã.0 á.P.å.@.å
 16a4 a40c00eb 0020a0e1 ceffffea 0800a0e1  ¤..ë.  áÎÿÿê.. á
 16b4 0810a0e3 0630a0e1 00508de5 04408de5  .. ã.0 á.P.å.@.å
 16c4 9c0c00eb 002050e2 d1ffff1a 042087e2  ...ë. PâÑÿÿ.. .â
 16d4 0800a0e1 1210a0e3 0630a0e1 00508de5  .. á.. ã.0 á.P.å
 16e4 04408de5 930c00eb 002050e2 c8ffff1a  .@.å...ë. PâÈÿÿ.
 16f4 0800a0e1 0910a0e3 0630a0e1 00508de5  .. á.. ã.0 á.P.å
 1704 04408de5 8b0c00eb 0020a0e1 c0ffffea  .@.å...ë.  áÀÿÿê
 1714 0200a0e1 08d08de2 f081bde8 f0452de9  .. á.Ð.âð.½èðE-é
 1724 85df4de2 fc409fe5 0270a0e1 30529de5  .ßMâü@.å.p á0R.å
 1734 0380a0e1 04409fe7 0160a0e1 0020a0e3  .. á.@.ç.` á.  ã
 1744 0410a0e3 00c094e5 0730a0e1 00a0a0e1  .. ã.À.å.0 á.  á
 1754 00808de5 04508de5 0cc28de5 750c00eb  ...å.P.å.Â.åu..ë
 1764 000050e3 0900001a 0c1096e5 000051e3  ..Pã.......å..Qã
 1774 2300000a 0a00a0e1 0720a0e1 0830a0e1  #..... á.  á.0 á
 1784 00508de5 89feffeb 000050e3 1c00000a  .P.å.þÿë..Pã....
 1794 103096e5 000053e3 0b00000a 88209fe5  .0.å..Sã..... .å
 17a4 07e0a0e3 021ca0e3 0c008de2 02208fe0  .à ã.. ã...â. .à
 17b4 00e085e5 b00c00eb 70009fe5 0c108de2  .à.å°..ëp..å...â
 17c4 00008fe0 47fdffeb 0000e0e3 141096e5  ...àGýÿë..àã...å
 17d4 000051e3 0400000a 0a00a0e1 0720a0e1  ..Qã...... á.  á
 17e4 0830a0e1 00508de5 9efeffeb 0c129de5  .0 á.P.å.þÿë...å
 17f4 003094e5 030051e1 0900001a 85df8de2  .0.å..Qá.....ß.â
 1804 f085bde8 0a00a0e1 0a10a0e3 0020a0e3  ð.½è.. á.. ã.  ã
 1814 0730a0e1 00808de5 04508de5 450c00eb  .0 á...å.P.åE..ë
 1824 daffffea 32fdffeb 90580000 cc340000  Úÿÿê2ýÿë.X..Ì4..
 1834 a0520000 f0412de9 08d04de2 0270a0e1   R..ðA-é.ÐMâ.p á
 1844 0140a0e1 20509de5 0360a0e1 1010a0e3  .@ á P.å.` á.. ã
 1854 042084e2 0730a0e1 0080a0e1 00608de5  . .â.0 á.. á.`.å
 1864 04508de5 330c00eb 000050e3 0900001a  .P.å3..ë..Pã....
 1874 141094e5 000051e3 0600000a 0800a0e1  ...å..Qã...... á
 1884 0720a0e1 0630a0e1 20508de5 08d08de2  .  á.0 á P.å.Ð.â
 1894 f041bde8 73feffea 08d08de2 f081bde8  ðA½èsþÿê.Ð.âð.½è
 18a4 020050e3 70002de9 00c0a093 01c0a083  ..Pãp.-é.À ..À .
 18b4 000051e3 01c08c03 00005ce3 0240a0e1  ..Qã.À....\ã.@ á
 18c4 0350a0e1 0cc09de5 0a00001a 000052e3  .P á.À.å......Rã
 18d4 0800000a 006092e5 000056e3 0500000a  .....`.å..Vã....
 18e4 044092e5 000054e3 00005313 0040a013  .@.å..Tã..S..@ .
 18f4 0140a003 0500001a 00005ce3 0130a013  .@ .......\ã.0 .
 1904 00308c15 0000e0e3 7000bde8 1eff2fe1  .0....àãp.½è.ÿ/á
 1914 00005ce3 faffff0a 004083e5 0cc08de5  ..\ãúÿÿ..@.å.À.å
 1924 7000bde8 4ffeffea 70402de9 0130a0e3  p.½èOþÿêp@-é.0 ã
 1934 0160a0e1 08d04de2 0240a0e1 0cc090e5  .` á.ÐMâ.@ á.À.å
 1944 0020e0e3 0010a0e3 002086e5 0320a0e1  . àã.. ã. .å.  á
 1954 003084e5 07308de2 0050a0e1 3cff2fe1  .0.å.0.â.P á<ÿ/á
 1964 010070e3 0000a003 00008605 3c00000a  ..pã.. .....<...
 1974 07e0dde5 09104ee2 350051e3 01f18f90  .àÝå..Nâ5.Qã.ñ..
 1984 350000ea 3e0000ea 3d0000ea 320000ea  5..ê>..ê=..ê2..ê
 1994 310000ea 3a0000ea 2f0000ea 2e0000ea  1..ê:..ê/..ê...ê
 19a4 2d0000ea 2c0000ea 2b0000ea 2a0000ea  -..ê,..ê+..ê*..ê
 19b4 290000ea 280000ea 270000ea 260000ea  )..ê(..ê'..ê&..ê
 19c4 250000ea 240000ea 230000ea 220000ea  %..ê$..ê#..ê"..ê
 19d4 210000ea 200000ea 1f0000ea 1e0000ea  !..ê ..ê...ê...ê
 19e4 270000ea 1c0000ea 1b0000ea 1a0000ea  '..ê...ê...ê...ê
 19f4 190000ea 180000ea 170000ea 160000ea  ...ê...ê...ê...ê
 1a04 150000ea 140000ea 130000ea 120000ea  ...ê...ê...ê...ê
 1a14 110000ea 100000ea 0f0000ea 0e0000ea  ...ê...ê...ê...ê
 1a24 0d0000ea 0c0000ea 0b0000ea 0a0000ea  ...ê...ê...ê...ê
 1a34 090000ea 080000ea 070000ea 060000ea  ...ê...ê...ê...ê
 1a44 050000ea 040000ea 030000ea 020000ea  ...ê...ê...ê...ê
 1a54 080000ea 000000ea 030000ea 1030a0e3  ...ê...ê...ê.0 ã
 1a64 003086e5 08d08de2 7080bde8 0930a0e3  .0.å.Ð.âp.½è.0 ã
 1a74 003086e5 faffffea 02c0a0e3 00c086e5  .0.åúÿÿê.À ã.À.å
 1a84 f7ffffea 0100a0e3 000086e5 001094e5  ÷ÿÿê.. ã...å...å
 1a94 0120a0e3 0cc095e5 0500a0e1 02e081e0  .  ã.À.å.. á.à.à
 1aa4 07308de2 00e084e5 3cff2fe1 000050e3  .0.â.à.å<ÿ/á..Pã
 1ab4 0700001a 0730dde5 200053e3 09005313  .....0Ýå .Sã..S.
 1ac4 f1ffff0a 0d0053e3 efffff0a 0a0053e3  ñÿÿ...Sãïÿÿ...Sã
 1ad4 edffff0a 001094e5 0000a0e3 012041e2  íÿÿ....å.. ã. Aâ
 1ae4 002084e5 deffffea 70402de9 00c0a0e3  . .åÞÿÿêp@-é.À ã
 1af4 08d04de2 00c082e5 0240a0e1 0050a0e1  .ÐMâ.À.å.@ á.P á
 1b04 0160a0e1 87ffffeb 000050e3 1600001a  .` á.ÿÿë..Pã....
 1b14 001096e5 013041e2 0f0053e3 03f18f90  ...å.0Aâ..Sã.ñ..
 1b24 0f0000ea 100000ea 0f0000ea 0c0000ea  ...ê...ê...ê...ê
 1b34 0b0000ea 0a0000ea 090000ea 080000ea  ...ê...ê...ê...ê
 1b44 070000ea 080000ea 050000ea 040000ea  ...ê...ê...ê...ê
 1b54 030000ea 020000ea 010000ea 000000ea  ...ê...ê...ê...ê
 1b64 030000ea 0030e0e3 003086e5 08d08de2  ...ê.0àã.0.å.Ð.â
 1b74 7080bde8 0120a0e3 0cc095e5 0500a0e1  p.½è.  ã.À.å.. á
 1b84 002084e5 0010a0e3 07308de2 3cff2fe1  . .å.. ã.0.â<ÿ/á
 1b94 000050e3 f4ffff1a 0730dde5 270053e3  ..Pãôÿÿ..0Ýå'.Sã
 1ba4 f1ffff0a 5b0053e3 1930a003 00308605  ñÿÿ.[.Sã.0 ..0..
 1bb4 edffff0a 220053e3 ebffff0a 611043e2  íÿÿ.".Sãëÿÿ.a.Câ
 1bc4 412043e2 12c0a0e3 00c086e5 71e0efe6  A Câ.À ã.À.åqàïæ
 1bd4 7220efe6 190052e3 19005e83 0300009a  r ïæ..Rã..^.....
 1be4 5f0053e3 0100000a 3a0053e3 dcffff1a  _.Sã....:.SãÜÿÿ.
 1bf4 001094e5 0120a0e3 0cc095e5 0500a0e1  ...å.  ã.À.å.. á
 1c04 02e081e0 07308de2 00e084e5 3cff2fe1  .à.à.0.â.à.å<ÿ/á
 1c14 000050e3 d4ffff1a 0730dde5 611043e2  ..PãÔÿÿ..0Ýåa.Câ
 1c24 412043e2 30c043e2 7110efe6 7220efe6  A Câ0ÀCâq.ïær ïæ
 1c34 190052e3 19005183 7cc0efe6 ebffff9a  ..Rã..Q.|Àïæëÿÿ.
 1c44 09005ce3 e9ffff9a 2e0053e3 e7ffff0a  ..\ãéÿÿ...Sãçÿÿ.
 1c54 2d0053e3 e5ffff0a 5f0053e3 e3ffff0a  -.Sãåÿÿ._.Sããÿÿ.
 1c64 c1ffffea f0452de9 00c0a0e3 0cd04de2  ÁÿÿêðE-é.À ã.ÐMâ
 1c74 00c082e5 0240a0e1 0050a0e1 0170a0e1  .À.å.@ á.P á.p á
 1c84 28ffffeb 006050e2 2600001a 003097e5  (ÿÿë.`Pâ&....0.å
 1c94 100053e3 03f18f90 590000ea 210000ea  ..Sã.ñ..Y..ê!..ê
 1ca4 200000ea 220000ea 550000ea 540000ea   ..ê"..êU..êT..ê
 1cb4 530000ea 520000ea 510000ea 500000ea  S..êR..êQ..êP..ê
 1cc4 4f0000ea 4e0000ea 4d0000ea 4c0000ea  O..êN..êM..êL..ê
 1cd4 4b0000ea 4a0000ea 490000ea 040000ea  K..êJ..êI..ê...ê
 1ce4 0630dde5 5d0053e3 4800000a 3c0053e3  .0Ýå].SãH...<.Sã
 1cf4 0900000a 001094e5 0120a0e3 0c6095e5  .......å.  ã.`.å
 1d04 0500a0e1 02c081e0 06308de2 00c084e5  .. á.À.à.0.â.À.å
 1d14 36ff2fe1 006050e2 f0ffff0a 000094e5  6ÿ/á.`Pâðÿÿ....å
 1d24 011040e2 001084e5 0600a0e1 0cd08de2  ..@â...å.. á.Ð.â
 1d34 f085bde8 0c6095e5 0500a0e1 001094e5  ð.½è.`.å.. á...å
 1d44 0120a0e3 06308de2 36ff2fe1 006050e2  .  ã.0.â6ÿ/á.`Pâ
 1d54 f4ffff1a 0630dde5 2f0053e3 9400000a  ôÿÿ..0Ýå/.Sã....
 1d64 3f0053e3 4400000a 210053e3 edffff1a  ?.SãD...!.Sãíÿÿ.
 1d74 00e094e5 0120a0e3 0c6095e5 0500a0e1  .à.å.  ã.`.å.. á
 1d84 02108ee0 06308de2 001084e5 36ff2fe1  ...à.0.â...å6ÿ/á
 1d94 006050e2 e3ffff1a 0630dde5 440053e3  .`Pâãÿÿ..0ÝåD.Sã
 1da4 8e00000a 5b0053e3 8700000a 2d0053e3  ....[.Sã....-.Sã
 1db4 1300001a 38329fe5 05c0a0e3 00c087e5  ....82.å.À ã.À.å
 1dc4 03a08fe0 0180dae4 0500a0e1 0120a0e3  . .à..Úä.. á.  ã
 1dd4 07308de2 000058e3 d2ffff0a 001094e5  .0.â..XãÒÿÿ....å
 1de4 0cc095e5 02e081e0 00e084e5 3cff2fe1  .À.å.à.à.à.å<ÿ/á
 1df4 000050e3 6a00000a 0010dae5 000051e3  ..Pãj.....Úå..Qã
 1e04 c8ffff0a 00c0e0e3 00c087e5 c5ffffea  Èÿÿ..Ààã.À.åÅÿÿê
 1e14 0cc095e5 0500a0e1 001094e5 0120a0e3  .À.å.. á...å.  ã
 1e24 07308de2 3cff2fe1 000050e3 1000001a  .0.â<ÿ/á..Pã....
 1e34 0700dde5 5d0050e3 0d00001a 003094e5  ..Ýå].Pã.....0.å
 1e44 0120a0e3 0500a0e1 0cc095e5 021083e0  .  ã.. á.À.å...à
 1e54 07308de2 3cff2fe1 000050e3 0400001a  .0.â<ÿ/á..Pã....
 1e64 07e0dde5 3e005ee3 0020e003 00208705  .àÝå>.^ã. à.. ..
 1e74 a9ffff0a 0630dde5 9bffffea 003094e5  ©ÿÿ..0Ýå.ÿÿê.0.å
 1e84 03e0a0e3 0cc095e5 0500a0e1 011083e2  .à ã.À.å.. á...â
 1e94 00e087e5 0120a0e3 001084e5 07308de2  .à.å.  ã...å.0.â
 1ea4 3cff2fe1 000050e3 9effff1a 0700dde5  <ÿ/á..Pã.ÿÿ...Ýå
 1eb4 780050e3 9bffff1a 001094e5 0120a0e3  x.Pã.ÿÿ....å.  ã
 1ec4 0500a0e1 0cc095e5 021081e0 07308de2  .. á.À.å...à.0.â
 1ed4 3cff2fe1 000050e3 92ffff1a 0720dde5  <ÿ/á..Pã.ÿÿ.. Ýå
 1ee4 6d0052e3 8fffff1a 00e094e5 0500a0e1  m.Rã.ÿÿ..à.å.. á
 1ef4 0cc095e5 0120a0e3 02108ee2 07308de2  .À.å.  ã...â.0.â
 1f04 3cff2fe1 000050e3 86ffff1a 0730dde5  <ÿ/á..Pã.ÿÿ..0Ýå
 1f14 6c0053e3 83ffff1a 001094e5 0500a0e1  l.Sã.ÿÿ....å.. á
 1f24 0c6095e5 0120a0e3 031081e2 06308de2  .`.å.  ã...â.0.â
 1f34 36ff2fe1 006050e2 7affff1a 0630dde5  6ÿ/á.`Pâzÿÿ..0Ýå
 1f44 61e043e2 41c043e2 7e00efe6 7c20efe6  aàCâAÀCâ~.ïæ| ïæ
 1f54 190050e3 19005283 72ffff9a 300043e2  ..Pã..R.rÿÿ.0.Câ
 1f64 7010efe6 090051e3 6effff9a 2e0053e3  p.ïæ..Qãnÿÿ...Sã
 1f74 6cffff0a 2d0053e3 6affff0a 3a0053e3  lÿÿ.-.Sãjÿÿ.:.Sã
 1f84 68ffff0a 5f0053e3 66ffff0a 00c094e5  hÿÿ._.Sãfÿÿ..À.å
 1f94 0420a0e3 002087e5 03308ce2 003084e5  .  ã. .å.0.â.0.å
 1fa4 60ffffea 0720dde5 080052e1 91ffff1a  `ÿÿê. Ýå..Rá.ÿÿ.
 1fb4 83ffffea 001094e5 0820a0e3 002087e5  .ÿÿê...å.  ã. .å
 1fc4 010081e2 000084e5 56ffffea 24109fe5  ...â...åVÿÿê$..å
 1fd4 0600a0e3 000087e5 01a08fe0 78ffffea  .. ã...å. .àxÿÿê
 1fe4 14a09fe5 0780a0e3 008087e5 0aa08fe0  . .å.. ã...å. .à
 1ff4 73ffffea 202f0000 002d0000 e42c0000  sÿÿê /...-..ä,..
 2004 f0412de9 00c0a0e3 08d04de2 00c082e5  ðA-é.À ã.ÐMâ.À.å
 2014 0240a0e1 0060a0e1 0170a0e1 41feffeb  .@ á.` á.p áAþÿë
 2024 005050e2 0800001a 003097e5 090053e3  .PPâ.....0.å..Sã
 2034 0500000a 100053e3 0600000a 010053e3  ......Sã......Sã
 2044 0100000a 0030e0e3 003087e5 0500a0e1  .....0àã.0.å.. á
 2054 08d08de2 f081bde8 0c8096e5 0120a0e3  .Ð.âð.½è...å.  ã
 2064 0510a0e1 06308de2 0600a0e1 002084e5  .. á.0.â.. á. .å
 2074 38ff2fe1 0680dde5 223048e2 0050a0e1  8ÿ/á..Ýå"0Hâ.P á
 2084 1d0053e3 03f18f90 2d0000ea 570000ea  ..Sã.ñ..-..êW..ê
 2094 2b0000ea 2a0000ea 290000ea 280000ea  +..ê*..ê)..ê(..ê
 20a4 520000ea 260000ea 250000ea 240000ea  R..ê&..ê%..ê$..ê
 20b4 230000ea 220000ea 210000ea 200000ea  #..ê"..ê!..ê ..ê
 20c4 5a0000ea 1e0000ea 1d0000ea 1c0000ea  Z..ê...ê...ê...ê
 20d4 1b0000ea 1a0000ea 190000ea 180000ea  ...ê...ê...ê...ê
 20e4 170000ea 160000ea 150000ea 140000ea  ...ê...ê...ê...ê
 20f4 130000ea 120000ea 5c0000ea 100000ea  ...ê...ê\..ê...ê
 2104 ffffffea 001094e5 0120a0e3 0cc096e5  ÿÿÿê...å.  ã.À.å
 2114 0600a0e1 02e081e0 07308de2 00e084e5  .. á.à.à.0.â.à.å
 2124 3cff2fe1 000050e3 c5ffff1a 0700dde5  <ÿ/á..PãÅÿÿ...Ýå
 2134 3e0050e3 0a30a003 0030e013 003087e5  >.Pã.0 ..0à..0.å
 2144 c1ffffea 612048e2 413048e2 7210efe6  Áÿÿêa HâA0Hâr.ïæ
 2154 7330efe6 190053e3 19005183 4600008a  s0ïæ..Sã..Q.F...
 2164 1250a0e3 005087e5 001094e5 0120a0e3  .P ã.P.å...å.  ã
 2174 0cc096e5 0600a0e1 02e081e0 06308de2  .À.å.. á.à.à.0.â
 2184 00e084e5 3cff2fe1 005050e2 1300001a  .à.å<ÿ/á.PPâ....
 2194 0630dde5 611043e2 41c043e2 300043e2  .0Ýåa.CâAÀCâ0.Câ
 21a4 7110efe6 7c20efe6 190052e3 19005183  q.ïæ| ïæ..Rã..Q.
 21b4 7000efe6 ebffff9a 090050e3 e9ffff9a  p.ïæëÿÿ...Pãéÿÿ.
 21c4 2e0053e3 e7ffff0a 2d0053e3 e5ffff0a  ..Sãçÿÿ.-.Sãåÿÿ.
 21d4 3a0053e3 e3ffff0a 5f0053e3 e1ffff0a  :.Sããÿÿ._.Sãáÿÿ.
 21e4 002094e5 013042e2 003084e5 96ffffea  . .å.0Bâ.0.å.ÿÿê
 21f4 1320a0e3 002087e5 001094e5 0120a0e3  .  ã. .å...å.  ã
 2204 0c5096e5 0600a0e1 02c081e0 06308de2  .P.å.. á.À.à.0.â
 2214 00c084e5 35ff2fe1 005050e2 8affff1a  .À.å5ÿ/á.PPâ.ÿÿ.
 2224 0630dde5 080053e1 f2ffff1a 86ffffea  .0Ýå..Sáòÿÿ..ÿÿê
 2234 001094e5 0120a0e3 0cc096e5 0600a0e1  ...å.  ã.À.å.. á
 2244 02e081e0 07308de2 00e084e5 3cff2fe1  .à.à.0.â.à.å<ÿ/á
 2254 000050e3 7affff1a 0700dde5 3e0050e3  ..Pãzÿÿ...Ýå>.Pã
 2264 0c30a003 0030e013 003087e5 76ffffea  .0 ..0à..0.åvÿÿê
 2274 1110a0e3 001087e5 73ffffea 5f0058e3  .. ã...åsÿÿê_.Xã
 2284 b6ffff0a 3a0058e3 0030e013 00308715  ¶ÿÿ.:.Xã.0à..0..
 2294 6dffff1a b1ffffea f0412de9 00c0a0e3  mÿÿ.±ÿÿêðA-é.À ã
 22a4 08d04de2 00c082e5 0240a0e1 0050a0e1  .ÐMâ.À.å.@ á.P á
 22b4 0170a0e1 9bfdffeb 006050e2 0400001a  .p á.ýÿë.`Pâ....
 22c4 003097e5 100053e3 0400009a 0020e0e3  .0.å..Sã..... àã
 22d4 002087e5 0600a0e1 08d08de2 f081bde8  . .å.. á.Ð.âð.½è
 22e4 0180a0e3 062200e3 1828dfe7 182312e0  .. ã.".ã.(ßç.#.à
 22f4 f5ffff0a 0cc095e5 0610a0e1 008084e5  õÿÿ..À.å.. á...å
 2304 0500a0e1 0820a0e1 06308de2 3cff2fe1  .. á.  á.0.â<ÿ/á
 2314 006050e2 eeffff1a 0630dde5 5d0053e3  .`Pâîÿÿ..0Ýå].Sã
 2324 3300000a 001094e5 1060a0e3 0120a0e3  3......å.` ã.  ã
 2334 006087e5 06308de2 0cc095e5 0500a0e1  .`.å.0.â.À.å.. á
 2344 3cff2fe1 006050e2 0c00001a 0610dde5  <ÿ/á.`Pâ......Ýå
 2354 5d0051e3 0d00000a 006094e5 0120a0e3  ].Qã.....`.å.  ã
 2364 06308de2 0cc095e5 011086e2 0500a0e1  .0.â.À.å...â.. á
 2374 001084e5 3cff2fe1 006050e2 f2ffff0a  ...å<ÿ/á.`Pâòÿÿ.
 2384 00e094e5 01108ee2 001084e5 d0ffffea  .à.å...â...åÐÿÿê
 2394 00e094e5 0120a0e3 07308de2 0cc095e5  .à.å.  ã.0.â.À.å
 23a4 02108ee0 0500a0e1 3cff2fe1 000050e3  ...à.. á<ÿ/á..Pã
 23b4 e8ffff1a 0720dde5 5d0052e3 e5ffff1a  èÿÿ.. Ýå].Rãåÿÿ.
 23c4 003094e5 0500a0e1 0cc095e5 0120a0e3  .0.å.. á.À.å.  ã
 23d4 021083e2 07308de2 3cff2fe1 000050e3  ...â.0.â<ÿ/á..Pã
 23e4 dcffff1a 0700dde5 3e0050e3 d9ffff1a  Üÿÿ...Ýå>.PãÙÿÿ.
 23f4 b7ffffea 0cc095e5 0500a0e1 001094e5  ·ÿÿê.À.å.. á...å
 2404 0820a0e1 07308de2 3cff2fe1 000050e3  .  á.0.â<ÿ/á..Pã
 2414 c3ffff1a 0700dde5 5d0050e3 c0ffff1a  Ãÿÿ...Ýå].PãÀÿÿ.
 2424 001094e5 0500a0e1 0cc095e5 0820a0e1  ...å.. á.À.å.  á
 2434 081081e0 07308de2 3cff2fe1 000050e3  ...à.0.â<ÿ/á..Pã
 2444 b7ffff1a 07e0dde5 3e005ee3 b4ffff1a  ·ÿÿ..àÝå>.^ã´ÿÿ.
 2454 003094e5 0b00a0e3 000087e5 022083e2  .0.å.. ã...å. .â
 2464 002084e5 9affffea f0402de9 0060a0e3  . .å.ÿÿêð@-é.` ã
 2474 0cd04de2 0170a0e1 0250a0e1 0040a0e1  .ÐMâ.p á.P á.@ á
 2484 0610a0e1 006082e5 1430a0e3 003087e5  .. á.`.å.0 ã.0.å
 2494 0120a0e3 06308de2 0cc094e5 0400a0e1  .  ã.0.â.À.å.. á
 24a4 3cff2fe1 006050e2 0200000a 0600a0e1  <ÿ/á.`Pâ...... á
 24b4 0cd08de2 f080bde8 0600dde5 3f0050e3  .Ð.âð.½è..Ýå?.Pã
 24c4 0300000a 006095e5 011086e2 001085e5  .....`.å...â...å
 24d4 eeffffea 001095e5 0120a0e3 0400a0e1  îÿÿê...å.  ã.. á
 24e4 0cc094e5 021081e0 07308de2 3cff2fe1  .À.å...à.0.â<ÿ/á
 24f4 000050e3 f2ffff1a 0720dde5 3e0052e3  ..Pãòÿÿ.. Ýå>.Rã
 2504 efffff1a 00e095e5 00005ee3 0a00a003  ïÿÿ..à.å..^ã.. .
 2514 0230a003 00008705 00308505 e2ffffea  .0 ......0..âÿÿê
 2524 f0402de9 00c0a0e3 0cd04de2 00c082e5  ð@-é.À ã.ÐMâ.À.å
 2534 0240a0e1 0050a0e1 0170a0e1 f9fcffeb  .@ á.P á.p áùüÿë
 2544 006050e2 0600001a 003097e5 010053e3  .`Pâ.....0.å..Sã
 2554 0300000a 100053e3 0400000a 0020e0e3  ......Sã..... àã
 2564 002087e5 0600a0e1 0cd08de2 f080bde8  . .å.. á.Ð.âð.½è
 2574 006084e5 0610a0e1 0500a0e1 0c6095e5  .`.å.. á.. á.`.å
 2584 0120a0e3 06308de2 36ff2fe1 006050e2  .  ã.0.â6ÿ/á.`Pâ
 2594 f3ffff1a 0630dde5 2d0053e3 3300000a  óÿÿ..0Ýå-.Sã3...
 25a4 001094e5 1560a0e3 0120a0e3 006087e5  ...å.` ã.  ã.`.å
 25b4 06308de2 0cc095e5 0500a0e1 3cff2fe1  .0.â.À.å.. á<ÿ/á
 25c4 006050e2 0c00001a 06e0dde5 2d005ee3  .`Pâ.....àÝå-.^ã
 25d4 0d00000a 006094e5 0120a0e3 06308de2  .....`.å.  ã.0.â
 25e4 0cc095e5 011086e2 0500a0e1 001084e5  .À.å...â.. á...å
 25f4 3cff2fe1 006050e2 f2ffff0a 003094e5  <ÿ/á.`Pâòÿÿ..0.å
 2604 01e083e2 00e084e5 d5ffffea 003094e5  .à.â.à.åÕÿÿê.0.å
 2614 0120a0e3 0500a0e1 0cc095e5 021083e0  .  ã.. á.À.å...à
 2624 07308de2 3cff2fe1 000050e3 e8ffff1a  .0.â<ÿ/á..Pãèÿÿ.
 2634 0720dde5 2d0052e3 e5ffff1a 001094e5  . Ýå-.Rãåÿÿ....å
 2644 0500a0e1 0cc095e5 0120a0e3 021081e2  .. á.À.å.  ã...â
 2654 07308de2 3cff2fe1 000050e3 beffff1a  .0.â<ÿ/á..Pã¾ÿÿ.
 2664 0700dde5 3e0050e3 bbffff1a bcffffea  ..Ýå>.Pã»ÿÿ.¼ÿÿê
 2674 001094e5 0500a0e1 0cc095e5 0120a0e3  ...å.. á.À.å.  ã
 2684 011081e2 07308de2 3cff2fe1 000050e3  ...â.0.â<ÿ/á..Pã
 2694 c2ffff1a 0700dde5 2d0050e3 bfffff1a  Âÿÿ...Ýå-.Pã¿ÿÿ.
 26a4 00e094e5 0500a0e1 0cc095e5 0120a0e3  .à.å.. á.À.å.  ã
 26b4 02108ee2 07308de2 3cff2fe1 000050e3  ...â.0.â<ÿ/á..Pã
 26c4 b6ffff1a 0720dde5 3e0052e3 b3ffff1a  ¶ÿÿ.. Ýå>.Rã³ÿÿ.
 26d4 001094e5 0d00a0e3 000087e5 033081e2  ...å.. ã...å.0.â
 26e4 003084e5 9effffea f0412de9 00c0a0e3  .0.å.ÿÿêðA-é.À ã
 26f4 08d04de2 00c082e5 0250a0e1 0070a0e1  .ÐMâ.À.å.P á.p á
 2704 0160a0e1 87fcffeb 004050e2 0600001a  .` á.üÿë.@Pâ....
 2714 003096e5 010053e3 0300000a 100053e3  .0.å..Sã......Sã
 2724 0030e013 00308615 0200000a 0400a0e1  .0à..0........ á
 2734 08d08de2 f081bde8 0180a0e3 0cc097e5  .Ð.âð.½è.. ã.À.å
 2744 0410a0e1 008085e5 0700a0e1 0820a0e1  .. á...å.. á.  á
 2754 06308de2 3cff2fe1 004050e2 f2ffff1a  .0.â<ÿ/á.@Pâòÿÿ.
 2764 0630dde5 3f0053e3 efffff1a 001095e5  .0Ýå?.Sãïÿÿ....å
 2774 0700a0e1 0cc097e5 0820a0e1 08e081e0  .. á.À.å.  á.à.à
 2784 07308de2 00e085e5 3cff2fe1 000050e3  .0.â.à.å<ÿ/á..Pã
 2794 e5ffff1a 0700dde5 3e0050e3 0a00a003  åÿÿ...Ýå>.Pã.. .
 27a4 00008605 e0ffffea 70402de9 0260a0e1  ....àÿÿêp@-é.` á
 27b4 044090e5 1800a0e3 0150a0e1 34ff2fe1  .@.å.. ã.P á4ÿ/á
 27c4 004050e2 0230a003 00308605 0300000a  .@Pâ.0 ..0......
 27d4 0010a0e3 1820a0e3 48f9ffeb 005084e5  .. ã.  ãHùÿë.P.å
 27e4 0400a0e1 7080bde8 f8402de9 005051e2  .. áp.½èø@-é.PQâ
 27f4 0040a0e1 0260a0e1 0370a0e1 1a00000a  .@ á.` á.p á....
 2804 042085e5 0200a0e1 042094e5 32ff2fe1  . .å.. á. .å2ÿ/á
 2814 000050e3 000085e5 0020a0e1 0230a003  ..Pã...å.  á.0 .
 2824 0060e003 00308705 0600000a 0610a0e1  .`à..0........ á
 2834 103094e5 0400a0e1 33ff2fe1 010070e3  .0.å.. á3ÿ/á..pã
 2844 0060a0e1 0100000a 0600a0e1 f880bde8  .` á...... áø.½è
 2854 000095e5 081094e5 31ff2fe1 0000a0e3  ...å...å1ÿ/á.. ã
 2864 000085e5 0600a0e1 f880bde8 0210a0e1  ...å.. áø.½è.. á
 2874 10c090e5 0520a0e1 3cff2fe1 0060a0e1  .À.å.  á<ÿ/á.` á
 2884 0600a0e1 f880bde8 70402de9 10d04de2  .. áø.½èp@-é.ÐMâ
 2894 0150a0e1 0360a0e1 24409de5 0210a0e1  .P á.` á$@.å.. á
 28a4 0c308de2 0520a0e1 08c08de2 00c08de5  .0.â.  á.À.â.À.å
 28b4 04408de5 f20700eb 000050e3 0600001a  .@.åò..ë..Pã....
 28c4 0c009de5 000056e1 0500000a 010070e3  ...å..Vá......pã
 28d4 0000e013 0330a013 00308415 10d08de2  ..à..0 ..0...Ð.â
 28e4 7080bde8 0500a0e1 20109de5 08209de5  p.½è.. á ..å. .å
 28f4 0430a0e1 bbffffeb f7ffffea f0452de9  .0 á»ÿÿë÷ÿÿêðE-é
 2904 0270a0e1 14d04de2 0120a0e3 0350a0e1  .p á.ÐMâ.  ã.P á
 2914 0230a0e1 00c0a0e3 0060a0e1 0140a0e1  .0 á.À ã.` á.@ á
 2924 04508de5 00c08de5 d6ffffeb 00a050e2  .P.å.À.åÖÿÿë. Pâ
 2934 1900000a 01007ae3 0200000a 0a00a0e1  ......zã...... á
 2944 14d08de2 f085bde8 002097e5 000052e3  .Ð.âð.½è. .å..Rã
 2954 f9ffff0a 000092e5 000050e3 0200000a  ùÿÿ....å..Pã....
 2964 081094e5 31ff2fe1 002097e5 080092e5  ...å1ÿ/á. .å...å
 2974 000050e3 0200000a 082094e5 32ff2fe1  ..Pã..... .å2ÿ/á
 2984 002097e5 0200a0e1 08c094e5 3cff2fe1  . .å.. á.À.å<ÿ/á
 2994 0000a0e3 000087e5 e7ffffea 041094e5  .. ã...åçÿÿê...å
 29a4 1400a0e3 31ff2fe1 000050e3 0030a0e1  .. ã1ÿ/á..Pã.0 á
 29b4 000087e5 0230a003 00a0e003 00308505  ...å.0 .. à..0..
 29c4 ddffff0a 0a10a0e1 1420a0e3 cbf8ffeb  Ýÿÿ... á.  ãËøÿë
 29d4 00a097e5 0600a0e1 0410a0e1 0120a0e3  . .å.. á.. á.  ã
 29e4 1230a0e3 00a08de5 04508de5 a5ffffeb  .0 ã. .å.P.å¥ÿÿë
 29f4 00a050e2 ceffff1a 0c808de2 0110a0e3  . PâÎÿÿ....â.. ã
 2a04 0420a0e1 08308de2 0600a0e1 00808de5  .  á.0.â.. á...å
 2a14 04508de5 9a0700eb 08009de5 010050e3  .P.å...ë...å..Pã
 2a24 1e00000a 0600a0e1 0410a0e1 0120a0e3  ...... á.. á.  ã
 2a34 1130a0e3 00e0a0e3 04508de5 00e08de5  .0 ã.à ã.P.å.à.å
 2a44 90ffffeb 00a050e2 b9ffff1a 0110a0e3  .ÿÿë. Pâ¹ÿÿ... ã
 2a54 0420a0e1 08308de2 0600a0e1 00808de5  .  á.0.â.. á...å
 2a64 04508de5 860700eb 08c09de5 01005ce3  .P.å...ë.À.å..\ã
 2a74 1300000a 00e097e5 0600a0e1 0410a0e1  .....à.å.. á.. á
 2a84 0120a0e3 1330a0e3 08a08ee2 04508de5  .  ã.0 ã. .â.P.å
 2a94 00a08de5 7bffffeb 00a0a0e1 a4ffffea  . .å{ÿÿë.  á¤ÿÿê
 2aa4 0c209de5 0400a0e1 0010a0e3 0530a0e1  . .å.. á.. ã.0 á
 2ab4 4cffffeb 08209de5 010052e3 ceffff0a  Lÿÿë. .å..RãÎÿÿ.
 2ac4 d7ffffea 0530a0e1 0400a0e1 0010a0e3  ×ÿÿê.0 á.. á.. ã
 2ad4 0c209de5 43ffffeb 08309de5 010053e3  . .åCÿÿë.0.å..Sã
 2ae4 d9ffff0a e2ffffea 000050e3 00005113  Ùÿÿ.âÿÿê..Pã..Q.
 2af4 1eff2f01 ffffffea f0472de9 005051e2  .ÿ/.ÿÿÿêðG-é.PQâ
 2b04 78619fe5 21de4de2 0040a0e1 06609fe7  xa.å!ÞMâ.@ á.`.ç
 2b14 003096e5 0c328de5 3000000a 60719fe5  .0.å.2.å0...`q.å
 2b24 60819fe5 07708fe0 08808fe0 003095e5  `..å.p.à...à.0.å
 2b34 050053e3 03f18f90 2e0000ea 0d0000ea  ..Sã.ñ.....ê...ê
 2b44 110000ea 020000ea 420000ea 000000ea  ...ê...êB..ê...ê
 2b54 310000ea 040095e5 34ff2fe1 14a095e5  1..ê...å4ÿ/á. .å
 2b64 0500a0e1 34ff2fe1 00005ae3 1b00000a  .. á4ÿ/á..Zã....
 2b74 0a50a0e1 ecffffea 101095e5 000051e3  .P áìÿÿê...å..Qã
 2b84 0100000a 0400a0e1 d6ffffeb 040095e5  ...... áÖÿÿë...å
 2b94 34ff2fe1 0ca095e5 00005ae3 0100001a  4ÿ/á. .å..Zã....
 2ba4 edffffea 09a0a0e1 00009ae5 34ff2fe1  íÿÿê.  á...å4ÿ/á
 2bb4 08009ae5 34ff2fe1 10909ae5 0a00a0e1  ...å4ÿ/á...å.. á
 2bc4 34ff2fe1 000059e3 f5ffff1a 14a095e5  4ÿ/á..Yãõÿÿ.. .å
 2bd4 0500a0e1 34ff2fe1 00005ae3 e3ffff1a  .. á4ÿ/á..Zããÿÿ.
 2be4 0c229de5 000096e5 000052e1 2200001a  .".å...å..Rá"...
 2bf4 21de8de2 f087bde8 0c008de2 021ca0e3  !Þ.âð.½è...â.. ã
 2c04 0720a0e1 00508de5 9b0700eb 0800a0e1  .  á.P.å...ë.. á
 2c14 0c108de2 33f8ffeb cfffffea 0ca095e5  ...â3øÿëÏÿÿê. .å
 2c24 00005ae3 0100001a cbffffea 09a0a0e1  ..Zã....Ëÿÿê.  á
 2c34 00009ae5 34ff2fe1 08009ae5 34ff2fe1  ...å4ÿ/á...å4ÿ/á
 2c44 10909ae5 0a00a0e1 34ff2fe1 000059e3  ...å.. á4ÿ/á..Yã
 2c54 f5ffff1a c0ffffea 040095e5 000050e3  õÿÿ.Àÿÿê...å..Pã
 2c64 0000000a 34ff2fe1 0c0095e5 000050e3  ....4ÿ/á...å..Pã
 2c74 b9ffff0a 34ff2fe1 b7ffffea 1cf8ffeb  ¹ÿÿ.4ÿ/á·ÿÿê.øÿë
 2c84 b8440000 2c220000 08410000 f0402de9  ¸D..,"...A..ð@-é
 2c94 0140a0e1 0260a0e1 14d04de2 0070a0e1  .@ á.` á.ÐMâ.p á
 2ca4 0310a0e3 0400a0e1 0320a0e1 0350a0e1  .. ã.. á.  á.P á
 2cb4 bcfeffeb 000050e3 00c0a0e1 000086e5  ¼þÿë..Pã.À á...å
 2cc4 00c0e003 0b00000a 0700a0e1 0410a0e1  .Àà....... á.. á
 2cd4 0120a0e3 1230a0e3 04c08ce2 04508de5  .  ã.0 ã.À.â.P.å
 2ce4 00c08de5 e7feffeb 00c050e2 0400000a  .À.åçþÿë.ÀPâ....
 2cf4 01007ce3 1500000a 0c00a0e1 14d08de2  ..|ã...... á.Ð.â
 2d04 f080bde8 0700a0e1 0510a0e3 0420a0e1  ð.½è.. á.. ã.  á
 2d14 0c308de2 08e08de2 04508de5 00e08de5  .0.â.à.â.P.å.à.å
 2d24 d70600eb 010070e3 00c0a0e1 f1ffff0a  ×..ë..pã.À áñÿÿ.
 2d34 0c309de5 0a0053e3 1200000a 140053e3  .0.å..Sã......Sã
 2d44 0900000a 010073e3 0330a013 00308515  ......sã.0 ..0..
 2d54 080094e5 001096e5 62ffffeb 0030a0e3  ...å...åbÿÿë.0 ã
 2d64 00c0e0e3 003086e5 e2ffffea 001096e5  .Ààã.0.åâÿÿê...å
 2d74 0400a0e1 08209de5 0530a0e1 0c1081e2  .. á. .å.0 á...â
 2d84 98feffeb 00c0a0e1 00005ce3 d7ffff1a  .þÿë.À á..\ã×ÿÿ.
 2d94 0700a0e1 0410a0e1 0520a0e3 0a30a0e3  .. á.. á.  ã.0 ã
 2da4 00c08de5 04508de5 b6feffeb 00c0a0e1  .À.å.P.å¶þÿë.À á
 2db4 ceffffea f0472de9 0140a0e1 0280a0e1  ÎÿÿêðG-é.@ á.. á
 2dc4 10d04de2 0060a0e1 0410a0e3 0400a0e1  .ÐMâ.` á.. ã.. á
 2dd4 0320a0e1 0350a0e1 72feffeb 000050e3  .  á.P árþÿë..Pã
 2de4 000088e5 0090e003 2b00000a 08708de2  ...å..à.+....p.â
 2df4 00a0a0e3 120000ea 150053e3 0e00001a  .  ã...ê..Sã....
 2e04 001098e5 0530a0e1 08209de5 0400a0e1  ...å.0 á. .å.. á
 2e14 041081e2 73feffeb 0d30a0e3 0600a0e1  ...âsþÿë.0 ã.. á
 2e24 0410a0e1 0420a0e3 00a08de5 04508de5  .. á.  ã. .å.P.å
 2e34 94feffeb 0c309de5 0090a0e1 010053e3  .þÿë.0.å.. á..Sã
 2e44 1300001a 0c308de2 0420a0e1 0600a0e1  .....0.â.  á.. á
 2e54 0410a0e3 00708de5 04508de5 880600eb  .. ã.p.å.P.å...ë
 2e64 0c309de5 010053e3 0090a0e1 e1ffff1a  .0.å..Sã.. ááÿÿ.
 2e74 0530a0e1 0400a0e1 0010a0e3 08209de5  .0 á.. á.. ã. .å
 2e84 58feffeb 0c309de5 010053e3 0090a0e1  Xþÿë.0.å..Sã.. á
 2e94 ebffff0a 010079e3 0200000a 0900a0e1  ëÿÿ...yã...... á
 2ea4 10d08de2 f087bde8 080094e5 001098e5  .Ð.âð.½è...å...å
 2eb4 0cffffeb 0030a0e3 003088e5 f6ffffea  .ÿÿë.0 ã.0.åöÿÿê
 2ec4 f0412de9 0140a0e1 0260a0e1 08d04de2  ðA-é.@ á.` á.ÐMâ
 2ed4 0080a0e1 0210a0e3 0400a0e1 0320a0e1  .. á.. ã.. á.  á
 2ee4 0350a0e1 2ffeffeb 000050e3 00c0a0e1  .P á/þÿë..Pã.À á
 2ef4 000086e5 0070e003 0b00000a 0800a0e1  ...å.pà....... á
 2f04 0410a0e1 0220a0e3 1030a0e3 04c08ce2  .. á.  ã.0 ã.À.â
 2f14 04508de5 00c08de5 5afeffeb 007050e2  .P.å.À.åZþÿë.pPâ
 2f24 0400000a 010077e3 0c00000a 0700a0e1  ......wã...... á
 2f34 08d08de2 f081bde8 0800a0e1 0410a0e1  .Ð.âð.½è.. á.. á
 2f44 0220a0e3 0b30a0e3 00708de5 04508de5  .  ã.0 ã.p.å.P.å
 2f54 4cfeffeb 0070a0e1 010077e3 f2ffff1a  Lþÿë.p á..wãòÿÿ.
 2f64 080094e5 001096e5 defeffeb 0030a0e3  ...å...åÞþÿë.0 ã
 2f74 003086e5 ecffffea f04f2de9 0160a0e1  .0.åìÿÿêðO-é.` á
 2f84 34d04de2 0350a0e1 0030a0e3 02a0a0e1  4ÐMâ.P á.0 ã.  á
 2f94 0070a0e1 0310a0e1 0600a0e1 0520a0e1  .p á.. á.. á.  á
 2fa4 1c308de5 fffdffeb 000050e3 0080a0e1  .0.åÿýÿë..Pã.. á
 2fb4 00008ae5 0090e003 1800000a 0700a0e1  ...å..à....... á
 2fc4 0610a0e1 0120a0e3 1230a0e3 04c088e2  .. á.  ã.0 ã.À.â
 2fd4 04508de5 00c08de5 2afeffeb 009050e2  .P.å.À.å*þÿë..Pâ
 2fe4 0e00001a 0c4088e2 0420a0e1 0700a0e1  .....@.â.  á.. á
 2ff4 0610a0e1 0530a0e1 3ffeffeb 0090a0e1  .. á.0 á?þÿë.. á
 3004 000094e5 000050e3 10408012 000059e3  ...å..Pã.@....Yã
 3014 f4ffff0a 010079e3 0c908de5 0200000a  ôÿÿ...yã...å....
 3024 0900a0e1 34d08de2 f08fbde8 001095e5  .. á4Ð.âð.½è...å
 3034 030051e3 f9ffff1a 0700a0e1 0110a0e3  ..Qãùÿÿ... á.. ã
 3044 0620a0e1 20308de2 24908de2 04508de5  .  á 0.â$..â.P.å
 3054 00908de5 0a0600eb 009050e2 efffff1a  ...å...ë..Pâïÿÿ.
 3064 20309de5 090053e3 0400000a 0c0053e3   0.å..Sã......Sã
 3074 0c909d15 e9ffff1a 0120a0e3 002088e5  ....éÿÿ..  ã. .å
 3084 0600a0e1 0010a0e3 24209de5 0530a0e1  .. á.. ã$ .å.0 á
 3094 d4fdffeb 009050e2 e0ffff1a 00e098e5  Ôýÿë..Pâàÿÿ..à.å
 30a4 01005ee3 ddffff0a 18b08de2 0700a0e1  ..^ãÝÿÿ..°.â.. á
 30b4 0010a0e3 0620a0e1 14308de2 00b08de5  .. ã.  á.0.â.°.å
 30c4 04508de5 ee0500eb 010070e3 0090a0e1  .P.åî..ë..pã.. á
 30d4 2800000a 14309de5 01c083e2 01005ce3  (....0.å.À.â..\ã
 30e4 2d00009a 100053e3 2400001a 0210a0e3  -.....Sã$..... ã
 30f4 0600a0e1 0520a0e1 aafdffeb 000050e3  .. á.  áªýÿë..Pã
 3104 0010a0e1 1c008de5 8c00000a 18209de5  .. á...å..... .å
 3114 0600a0e1 041081e2 0530a0e1 b1fdffeb  .. á...â.0 á±ýÿë
 3124 0020a0e3 0090a0e1 000059e3 0900001a  .  ã.. á..Yã....
 3134 1c309de5 000053e3 0600000a 00009ae5  .0.å..Sã.......å
 3144 080050e1 10308805 14308815 0380a0e1  ..Pá.0...0.... á
 3154 0030a0e3 1c308de5 02c099e1 d2ffff0a  .0 ã.0.å.À.áÒÿÿ.
 3164 010079e3 01e022e2 0030a013 0130a003  ..yã.à"â.0 ..0 .
 3174 0e3093e1 a9ffff0a 0c908de5 6f0000ea  .0.á©ÿÿ....åo..ê
 3184 0530a0e1 0600a0e1 0010a0e3 18209de5  .0 á.. á.. ã. .å
 3194 94fdffeb 14309de5 0090a0e1 013043e2  .ýÿë.0.å.. á.0Câ
 31a4 0f0053e3 03f18f90 620000ea 6a0000ea  ..Sã.ñ..b..êj..ê
 31b4 580000ea 4f0000ea 5e0000ea 450000ea  X..êO..ê^..êE..ê
 31c4 3c0000ea 5b0000ea 070000ea 590000ea  <..ê[..ê...êY..ê
 31d4 580000ea 570000ea 560000ea 550000ea  X..êW..êV..êU..ê
 31e4 540000ea 530000ea bfffffea 0700a0e1  T..êS..ê¿ÿÿê.. á
 31f4 0610a0e1 0120a0e3 1230a0e3 28908de2  .. á.  ã.0 ã(..â
 3204 0040a0e3 00908de5 28408de5 04508de5  .@ ã...å(@.å.P.å
 3214 9cfdffeb 009050e2 1e00001a 00309ae5  .ýÿë..Pâ.....0.å
 3224 2c209de5 28409de5 080093e5 000052e1  , .å(@.å...å..Rá
 3234 5400001a 041093e5 0400a0e1 a6f6ffeb  T......å.. á¦öÿë
 3244 000050e3 4f00001a 20308de2 0110a0e3  ..PãO... 0.â.. ã
 3254 0620a0e1 0700a0e1 24e08de2 04508de5  .  á.. á$à.â.P.å
 3264 00e08de5 860500eb 20309de5 010053e3  .à.å...ë 0.å..Sã
 3274 3b00000a 0700a0e1 0610a0e1 0120a0e3  ;..... á.. á.  ã
 3284 0930a0e3 00c0a0e3 04508de5 00c08de5  .0 ã.À ã.P.å.À.å
 3294 7cfdffeb 0090a0e1 28409de5 000054e3  |ýÿë.. á(@.å..Tã
 32a4 0200000a 082096e5 0400a0e1 32ff2fe1  ..... .å.. á2ÿ/á
 32b4 0120a0e3 9bffffea 1c208de2 0700a0e1  .  ã.ÿÿê. .â.. á
 32c4 0610a0e1 0530a0e1 fcfeffeb 0020a0e3  .. á.0 áüþÿë.  ã
 32d4 0090a0e1 93ffffea 1c208de2 0700a0e1  .. á.ÿÿê. .â.. á
 32e4 0610a0e1 0530a0e1 b1feffeb 0020a0e3  .. á.0 á±þÿë.  ã
 32f4 0090a0e1 8bffffea 1c208de2 0700a0e1  .. á.ÿÿê. .â.. á
 3304 0610a0e1 0530a0e1 5ffeffeb 0020a0e3  .. á.0 á_þÿë.  ã
 3314 0090a0e1 83ffffea 1c208de2 0700a0e1  .. á.ÿÿê. .â.. á
 3324 0610a0e1 0530a0e1 12ffffeb 0020a0e3  .. á.0 á.ÿÿë.  ã
 3334 0090a0e1 7bffffea 0390a0e3 009085e5  .. á{ÿÿê.. ã...å
 3344 080096e5 00109ae5 0c909de5 e5fdffeb  ...å...å...ååýÿë
 3354 0030a0e3 00308ae5 30ffffea 0020a0e3  .0 ã.0.å0ÿÿê.  ã
 3364 70ffffea 0010a0e3 0600a0e1 24209de5  pÿÿê.. ã.. á$ .å
 3374 0530a0e1 1bfdffeb 20109de5 010051e3  .0 á.ýÿë ..å..Qã
 3384 b0ffff0a baffffea 0330a0e3 0c909de5  °ÿÿ.ºÿÿê.0 ã...å
 3394 003085e5 c0ffffea f04f2de9 010050e3  .0.åÀÿÿêðO-é..Pã
 33a4 e8759fe5 0140a0e1 00c0a093 01c0a083  èu.å.@ á.À ..À .
 33b4 07709fe7 000051e3 0c10a011 01108c03  .p.ç..Qã.. .....
 33c4 02a0a0e1 8fdf4de2 002097e5 000051e3  .  á.ßMâ. .å..Qã
 33d4 0080a0e1 0360a0e1 34228de5 1100001a  .. á.` á4".å....
 33e4 043094e5 000053e3 0e00000a 080094e5  .0.å..Sã.......å
 33f4 000050e3 0b00000a 005094e5 000055e3  ..Pã.....P.å..Uã
 3404 0800000a 0c2094e5 000052e3 0500000a  ..... .å..Rã....
 3414 101094e5 000051e3 00005a13 0000a013  ...å..Qã..Z... .
 3424 0100a003 0d00001a 000056e3 d700000a  .. .......Vã×...
 3434 00005ce3 0150a0e3 01c0a003 04c0a013  ..\ã.P ã.À ..À .
 3444 00c086e5 34229de5 0500a0e1 00c097e5  .À.å4".å.. á.À.å
 3454 0c0052e1 4901001a 8fdf8de2 f08fbde8  ..RáI....ß.âð.½è
 3464 000056e3 c900000a 00008ae5 26f6ffeb  ..VãÉ......å&öÿë
 3474 010050e3 0800000a 14b59fe5 021ca0e3  ..Pã.....µ.å.. ã
 3484 10959fe5 34008de2 0b208fe0 7a0500eb  ...å4..â. .àz..ë
 3494 34108de2 09008fe0 12f6ffeb f8549fe5  4..â...à.öÿëøT.å
 34a4 00c0a0e3 f4349fe5 28b08de2 05008fe0  .À ãô4.å(°.â...à
 34b4 0c708de5 03e08fe0 14008de5 10e08de5  .p.å.à.à...å.à.å
 34c4 0c90a0e1 20c08de5 0470a0e1 290000ea  .. á À.å.p á)..ê
 34d4 0210a0e3 0700a0e1 0620a0e1 b1fcffeb  .. ã.. á.  á±üÿë
 34e4 000050e3 0010a0e1 20008de5 5800000a  ..Pã.. á ..åX...
 34f4 0630a0e1 0700a0e1 041081e2 28209de5  .0 á.. á...â( .å
 3504 b8fcffeb 24309de5 0050a0e1 010070e2  ¸üÿë$0.å.P á..pâ
 3514 0000a033 000055e3 7f00001a 20209de5  .. 3..Uã....  .å
 3524 000052e3 9b00000a 0010a0e3 000059e3  ..Rã...... ã..Yã
 3534 14208915 010053e1 0030a003 01300012  . ....Sá.0 ..0..
 3544 0290a0e1 0150a0e1 141082e5 20108de5  .. á.P á...å ..å
 3554 00009ae5 00e099e2 01e0a013 000050e3  ...å.à.â.à ...Pã
 3564 00e0a013 00005ee3 0900a011 000053e3  .à ...^ã.. ...Sã
 3574 00008ae5 9500000a 0800a0e1 0010a0e3  ...å...... á.. ã
 3584 0720a0e1 24308de2 00b08de5 04608de5  .  á$0.â.°.å.`.å
 3594 bb0400eb 010070e3 0050a0e1 8200000a  »..ë..pã.P á....
 35a4 24309de5 012083e2 010052e3 0800009a  $0.å. .â..Rã....
 35b4 100053e3 c5ffff0a 28209de5 0630a0e1  ..SãÅÿÿ.( .å.0 á
 35c4 0700a0e1 0010a0e3 86fcffeb 24309de5  .. á.. ã.üÿë$0.å
 35d4 012083e2 110052e3 02f18f90 110000ea  . .â..Rã.ñ.....ê
 35e4 1b0000ea 660000ea 650000ea 580000ea  ...êf..êe..êX..ê
 35f4 4d0000ea 2d0000ea 220000ea 170000ea  M..ê-..ê"..ê...ê
 3604 5d0000ea 070000ea 060000ea 050000ea  ]..ê...ê...ê...ê
 3614 040000ea 030000ea 020000ea 010000ea  ...ê...ê...ê...ê
 3624 000000ea a9ffffea 74c39fe5 021ca0e3  ...ê©ÿÿêtÃ.å.. ã
 3634 70439fe5 34008de2 0c208fe0 0e0500eb  pC.å4..â. .à...ë
 3644 34108de2 04008fe0 a6f5ffeb 0320a0e3  4..â...à¦õÿë.  ã
 3654 002086e5 0030a0e3 0050e0e3 bbffffea  . .å.0 ã.Pàã»ÿÿê
 3664 0630a0e1 0800a0e1 0710a0e1 20208de2  .0 á.. á.. á  .â
 3674 12feffeb 24309de5 0050a0e1 010070e2  .þÿë$0.å.P á..pâ
 3684 0000a033 a2ffffea 0630a0e1 0800a0e1  .. 3¢ÿÿê.0 á.. á
 3694 0710a0e1 20208de2 c5fdffeb 24309de5  .. á  .âÅýÿë$0.å
 36a4 0050a0e1 010070e2 0000a033 98ffffea  .P á..pâ.. 3.ÿÿê
 36b4 0700a0e1 0510a0e3 0620a0e1 39fcffeb  .. á.. ã.  á9üÿë
 36c4 000050e3 20008de5 ad00000a 0c4080e2  ..Pã ..å­....@.â
 36d4 0420a0e1 0800a0e1 0710a0e1 0630a0e1  .  á.. á.. á.0 á
 36e4 85fcffeb 002094e5 000052e3 10408212  .üÿë. .å..Rã.@..
 36f4 000050e3 f5ffff0a 010070e3 3800000a  ..Pãõÿÿ...pã8...
 3704 0050e0e3 0330a0e3 003086e5 000055e3  .Pàã.0 ã.0.å..Uã
 3714 0000a0e3 24309de5 7fffff0a 000053e3  .. ã$0.å.ÿÿ...Sã
 3724 0030a003 01300012 88ffffea 0630a0e1  .0 ..0...ÿÿê.0 á
 3734 0800a0e1 0710a0e1 20208de2 52fdffeb  .. á.. á  .âRýÿë
 3744 24309de5 0050a0e1 010070e2 0000a033  $0.å.P á..pâ.. 3
 3754 6fffffea 0630a0e1 0800a0e1 0710a0e1  oÿÿê.0 á.. á.. á
 3764 20208de2 03feffeb 24309de5 0050a0e1    .â.þÿë$0.å.P á
 3774 010070e2 0000a033 65ffffea 0100a0e3  ..pâ.. 3eÿÿê.. ã
 3784 65ffffea 010075e2 0000a033 60ffffea  eÿÿê..uâ.. 3`ÿÿê
 3794 0150a0e3 2affffea 000053e3 0030a003  .P ã*ÿÿê..Sã.0 .
 37a4 01300012 0250a0e1 68ffffea 0740a0e1  .0...P áhÿÿê.@ á
 37b4 0c709de5 080094e5 0050e0e3 00109ae5  .p.å...å.Pàã...å
 37c4 c8fcffeb 0030a0e3 00308ae5 1cffffea  Èüÿë.0 ã.0.å.ÿÿê
 37d4 010075e3 0740a0e1 0c709de5 18ffff1a  ..uã.@ á.p.å.ÿÿ.
 37e4 f3ffffea 004096e5 030054e3 18408de5  óÿÿê.@.å..Tã.@.å
 37f4 c2ffff1a 0610a0e3 0800a0e1 0720a0e1  Âÿÿ... ã.. á.  á
 3804 30308de2 2cc08de2 04608de5 00c08de5  00.â,À.â.`.å.À.å
 3814 1b0400eb 001050e2 b8ffff1a 30e09de5  ...ë..Pâ¸ÿÿ.0à.å
 3824 0a005ee3 b5ffff1a 0700a0e1 2c209de5  ..^ãµÿÿ... á, .å
 3834 0630a0e1 ebfbffeb 20409de5 000050e3  .0 áëûÿë @.å..Pã
 3844 1c008de5 adffff1a 0c1094e5 000051e3  ...å­ÿÿ....å..Qã
 3854 aaffff0a 0800a0e1 1c209de5 0630a0e1  ªÿÿ... á. .å.0 á
 3864 32f5ffeb 005050e2 a7ffff1a 0c1094e5  2õÿë.PPâ§ÿÿ....å
 3874 0630a0e1 0800a0e1 18209de5 081081e2  .0 á.. á. .å...â
 3884 2af5ffeb 005050e2 1c009d15 24309d15  *õÿë.PPâ....$0..
 3894 1fffff1a 0c4094e5 101094e5 000051e3  .ÿÿ..@.å...å..Qã
 38a4 1600000a 0800a0e1 0120a0e3 0630a0e1  ...... á.  ã.0 á
 38b4 1ef5ffeb 000050e3 1400001a 10009de5  .õÿë..Pã.......å
 38c4 002090e5 0050a0e1 10c094e5 0800a0e1  . .å.P á.À.å.. á
 38d4 0630a0e1 08108ce2 14f5ffeb 000050e3  .0 á...â.õÿë..Pã
 38e4 0900000a 0420b5e5 090052e3 f5ffff1a  ..... µå..Rãõÿÿ.
 38f4 0050a0e1 84ffffea 0970a0e1 0590a0e1  .P á.ÿÿê.p á.. á
 3904 0100a0e3 24309de5 03ffffea 104094e5  .. ã$0.å.ÿÿê.@.å
 3914 104084e2 001094e5 000051e3 f7ffff0a  .@.â...å..Qã÷ÿÿ.
 3924 0220a0e3 0800a0e1 0630a0e1 fff4ffeb  .  ã.. á.0 áÿôÿë
 3934 14509de5 0510a0e1 002095e5 0950a0e1  .P.å.. á. .å.P á
 3944 0790a0e1 0170a0e1 00e094e5 0800a0e1  .. á.p á.à.å.. á
 3954 0630a0e1 08108ee2 f4f4ffeb 000050e3  .0 á...âôôÿë..Pã
 3964 e4ffff0a 0420b7e5 090052e3 f5ffff1a  äÿÿ.. ·å..Rãõÿÿ.
 3974 0970a0e1 0590a0e1 0050a0e1 62ffffea  .p á.. á.P ábÿÿê
 3984 dbf4ffeb 0050e0e3 24309de5 62ffffea  Ûôÿë.Pàã$0.åbÿÿê
 3994 143c0000 f0180000 bc370000 88180000  .<..ð...¼7......
 39a4 8c180000 68170000 fc350000 000050e3  ....h...ü5....Pã
 39b4 00005213 f0412de9 0240a0e1 0050a013  ..R.ðA-é.@ á.P .
 39c4 0150a003 0100000a 080051e3 0500009a  .P .......Qã....
 39d4 000054e3 0050e0e3 0130a013 00308415  ..Tã.Pàã.0 ..0..
 39e4 0500a0e1 f081bde8 c8609fe5 007090e5  .. áð.½èÈ`.å.p.å
 39f4 06208fe0 046090e5 813182e0 043093e5  . .à.`.å.1.à.0.å
 3a04 000053e3 0d00000a 010053e3 1b00000a  ..Sã......Sã....
 3a14 a4309fe5 03e08fe0 81819ee7 0800a0e1  ¤0.å.à.à...ç.. á
 3a24 aaf4ffeb 060050e1 1b00000a 0050e0e3  ªôÿë..Pá.....Pàã
 3a34 0510a0e3 0500a0e1 001084e5 f081bde8  .. ã.. á...åð.½è
 3a44 0000d7e5 270050e3 22005013 f6ffff1a  ..×å'.Pã".P.öÿÿ.
 3a54 068087e0 017087e2 026046e2 01c058e5  ...à.p.â.`Fâ.ÀXå
 3a64 27005ce3 22005c13 0050a003 0150a013  '.\ã".\..P ..P .
 3a74 0580a013 0050e013 00808415 e3ffffea  .. ..Pà.....ãÿÿê
 3a84 0050d7e5 220055e3 27005513 0050a013  .P×å".Uã'.U..P .
 3a94 0150a003 ddffff1a ecffffea 0800a0e1  .P .Ýÿÿ.ìÿÿê.. á
 3aa4 0710a0e1 0620a0e1 8bf4ffeb 000050e3  .. á.  á.ôÿë..Pã
 3ab4 caffff0a dcffffea 70320000 4c320000  Êÿÿ.Üÿÿêp2..L2..
 3ac4 10402de9 18d04de2 0240a0e1 10308de2  .@-é.ÐMâ.@ á.0.â
 3ad4 0c208de2 14c08de2 00c08de5 28f5ffeb  . .â.À.â.À.å(õÿë
 3ae4 000050e3 0000a013 0300001a 0c109de5  ..Pã.. ........å
 3af4 013064e0 000073e2 0300a0e0 18d08de2  .0dà..sâ.. à.Ð.â
 3b04 1080bde8 f0412de9 0180a0e1 10d04de2  ..½èðA-é.. á.ÐMâ
 3b14 0070a0e3 0240a0e1 007082e5 0350a0e1  .p ã.@ á.p.å.P á
 3b24 0710a0e1 0020e0e3 0c308de2 002088e5  .. á. àã.0.â. .å
 3b34 08208de2 0060a0e1 00508de5 10f5ffeb  . .â.` á.P.å.õÿë
 3b44 001094e5 0c309de5 031081e0 001084e5  ...å.0.å...à...å
 3b54 010070e3 5d00000a 08309de5 09e043e2  ..pã]....0.å.àCâ
 3b64 35005ee3 0ef18f90 550000ea 3b0000ea  5.^ã.ñ..U..ê;..ê
 3b74 3a0000ea 520000ea 510000ea 370000ea  :..êR..êQ..ê7..ê
 3b84 4f0000ea 4e0000ea 4d0000ea 4c0000ea  O..êN..êM..êL..ê
 3b94 4b0000ea 4a0000ea 490000ea 480000ea  K..êJ..êI..êH..ê
 3ba4 470000ea 460000ea 450000ea 440000ea  G..êF..êE..êD..ê
 3bb4 430000ea 420000ea 410000ea 400000ea  C..êB..êA..ê@..ê
 3bc4 3f0000ea 3e0000ea 240000ea 3c0000ea  ?..ê>..ê$..ê<..ê
 3bd4 3b0000ea 3a0000ea 390000ea 380000ea  ;..ê:..ê9..ê8..ê
 3be4 370000ea 360000ea 350000ea 340000ea  7..ê6..ê5..ê4..ê
 3bf4 330000ea 320000ea 310000ea 300000ea  3..ê2..ê1..ê0..ê
 3c04 2f0000ea 2e0000ea 2d0000ea 2c0000ea  /..ê...ê-..ê,..ê
 3c14 2b0000ea 2a0000ea 290000ea 280000ea  +..ê*..ê)..ê(..ê
 3c24 270000ea 260000ea 250000ea 240000ea  '..ê&..ê%..ê$..ê
 3c34 230000ea 220000ea 050000ea 200000ea  #..ê"..ê...ê ..ê
 3c44 ffffffea 0920a0e3 002088e5 10d08de2  ÿÿÿê.  ã. .å.Ð.â
 3c54 f081bde8 0210a0e3 001088e5 faffffea  ð.½è.. ã...åúÿÿê
 3c64 0100a0e3 000088e5 0c308de2 0600a0e1  .. ã...å.0.â.. á
 3c74 08208de2 00508de5 c1f4ffeb 00c094e5  . .â.P.åÁôÿë.À.å
 3c84 0c309de5 0c1083e0 001084e5 000050e3  .0.å...à...å..Pã
 3c94 0700001a 08209de5 200052e3 09005213  ..... .å .Rã..R.
 3ca4 f0ffff0a 0d0052e3 eeffff0a 0a0052e3  ðÿÿ...Rãîÿÿ...Rã
 3cb4 ecffff0a 01e063e0 0000a0e3 00e084e5  ìÿÿ..àcà.. ã.à.å
 3cc4 e1ffffea 1030a0e3 003088e5 deffffea  áÿÿê.0 ã.0.åÞÿÿê
 3cd4 00c095e5 08005ce3 00708815 0700a011  .À.å..\ã.p.... .
 3ce4 d9ffff1a 9bffffea f0402de9 00c0a0e3  Ùÿÿ..ÿÿêð@-é.À ã
 3cf4 14d04de2 00c082e5 0240a0e1 0060a0e1  .ÐMâ.À.å.@ á.` á
 3d04 0150a0e1 0370a0e1 7dffffeb 000050e3  .P á.p á}ÿÿë..Pã
 3d14 1600001a 001095e5 013041e2 0f0053e3  .......å.0Aâ..Sã
 3d24 03f18f90 0f0000ea 100000ea 0f0000ea  .ñ.....ê...ê...ê
 3d34 0c0000ea 0b0000ea 0a0000ea 090000ea  ...ê...ê...ê...ê
 3d44 080000ea 070000ea 080000ea 050000ea  ...ê...ê...ê...ê
 3d54 040000ea 030000ea 020000ea 010000ea  ...ê...ê...ê...ê
 3d64 000000ea 030000ea 00c0e0e3 00c085e5  ...ê...ê.Ààã.À.å
 3d74 14d08de2 f080bde8 0010a0e3 08208de2  .Ð.âð.½è.. ã. .â
 3d84 001084e5 0600a0e1 0c308de2 00708de5  ...å.. á.0.â.p.å
 3d94 7bf4ffeb 002094e5 0cc09de5 0c1082e0  {ôÿë. .å.À.å...à
 3da4 001084e5 000050e3 f0ffff1a 08309de5  ...å..Pãðÿÿ..0.å
 3db4 270053e3 edffff0a 5b0053e3 1930a003  '.Sãíÿÿ.[.Sã.0 .
 3dc4 00308505 e9ffff0a 220053e3 e7ffff0a  .0..éÿÿ.".Sãçÿÿ.
 3dd4 61c043e2 412043e2 190052e3 19005c83  aÀCâA Câ..Rã..\.
 3de4 12e0a0e3 00e085e5 0300009a 5f0053e3  .à ã.à.å...._.Sã
 3df4 0100000a 3a0053e3 daffff1a 0c308de2  ....:.SãÚÿÿ..0.â
 3e04 0600a0e1 08208de2 00708de5 5cf4ffeb  .. á. .â.p.å\ôÿë
 3e14 001094e5 0c309de5 031081e0 001084e5  ...å.0.å...à...å
 3e24 000050e3 d1ffff1a 08309de5 612043e2  ..PãÑÿÿ..0.åa Câ
 3e34 41e043e2 19005ee3 19005283 305043e2  AàCâ..^ã..R.0PCâ
 3e44 edffff9a 090055e3 ebffff9a 2e0053e3  íÿÿ...Uãëÿÿ...Sã
 3e54 e9ffff0a 2d0053e3 e7ffff0a 5f0053e3  éÿÿ.-.Sãçÿÿ._.Sã
 3e64 e5ffff0a b70053e3 e3ffff0a bfffffea  åÿÿ.·.Sããÿÿ.¿ÿÿê
 3e74 f0412de9 00c0a0e3 10d04de2 00c082e5  ðA-é.À ã.ÐMâ.À.å
 3e84 0240a0e1 0050a0e1 0170a0e1 0360a0e1  .@ á.P á.p á.` á
 3e94 1bffffeb 008050e2 5800001a 003097e5  .ÿÿë..PâX....0.å
 3ea4 100053e3 03f18f90 7e0000ea 530000ea  ..Sã.ñ..~..êS..ê
 3eb4 520000ea 0d0000ea 7a0000ea 790000ea  R..ê...êz..êy..ê
 3ec4 780000ea 770000ea 760000ea 750000ea  x..êw..êv..êu..ê
 3ed4 740000ea 730000ea 720000ea 710000ea  t..ês..êr..êq..ê
 3ee4 700000ea 6f0000ea 6e0000ea 700000ea  p..êo..ên..êp..ê
 3ef4 001094e5 0500a0e1 08208de2 0c308de2  ...å.. á. .â.0.â
 3f04 00608de5 1ef4ffeb 008050e2 3b00001a  .`.å.ôÿë..Pâ;...
 3f14 08309de5 2f0053e3 8200000a 3f0053e3  .0.å/.Sã....?.Sã
 3f24 3900001a 00e094e5 03c0a0e3 0500a0e1  9....à.å.À ã.. á
 3f34 00c087e5 01108ee2 7820a0e3 001084e5  .À.å...âx  ã...å
 3f44 defeffeb 010050e3 2c00001a 003094e5  Þþÿë..Pã,....0.å
 3f54 0500a0e1 6d20a0e3 011083e2 d7feffeb  .. ám  ã...â×þÿë
 3f64 010050e3 2500001a 001094e5 0500a0e1  ..Pã%......å.. á
 3f74 6c20a0e3 021081e2 d0feffeb 010050e3  l  ã...âÐþÿë..Pã
 3f84 1e00001a 008094e5 0500a0e1 08208de2  .......å.. á. .â
 3f94 0c308de2 031088e2 00608de5 f8f3ffeb  .0.â...â.`.åøóÿë
 3fa4 008050e2 1500001a 08309de5 610043e2  ..Pâ.....0.åa.Câ
 3fb4 412043e2 190050e3 19005283 0f00009a  A Câ..Pã..R.....
 3fc4 30e043e2 09005ee3 0c00009a 2e0053e3  0àCâ..^ã......Sã
 3fd4 0a00000a 2d0053e3 0800000a 3a0053e3  ....-.Sã....:.Sã
 3fe4 0600000a 5f0053e3 0400000a 003094e5  ...._.Sã.....0.å
 3ff4 0410a0e3 001087e5 03c083e2 00c084e5  .. ã...å.À.â.À.å
 4004 0800a0e1 10d08de2 f081bde8 210053e3  .. á.Ð.âð.½è!.Sã
 4014 faffff1a 00e094e5 08208de2 0500a0e1  úÿÿ..à.å. .â.. á
 4024 0c308de2 01108ee2 00608de5 d4f3ffeb  .0.â...â.`.åÔóÿë
 4034 002094e5 0cc09de5 0c8082e0 008084e5  . .å.À.å...à...å
 4044 008050e2 edffff1a 08309de5 440053e3  ..Pâíÿÿ..0.åD.Sã
 4054 4b00000a 5b0053e3 4400000a 2d0053e3  K...[.SãD...-.Sã
 4064 1000001a 2cc19fe5 0520a0e3 002087e5  ....,Á.å.  ã. .å
 4074 0c608fe0 0120d6e4 0500a0e1 000052e3  .`.à. Öä.. á..Rã
 4084 deffff0a 001094e5 01e081e2 00e084e5  Þÿÿ....å.à.â.à.å
 4094 8afeffeb 010050e3 f5ffff0a 0000d6e5  .þÿë..Pãõÿÿ...Öå
 40a4 000050e3 d5ffff0a 0020e0e3 002087e5  ..PãÕÿÿ.. àã. .å
 40b4 d2ffffea 001094e5 0c308de2 08208de2  Òÿÿê...å.0.â. .â
 40c4 0500a0e1 00608de5 adf3ffeb 008094e5  .. á.`.å­óÿë...å
 40d4 0c309de5 081083e0 001084e5 008050e2  .0.å...à...å..Pâ
 40e4 0200000a 011063e0 001084e5 c3ffffea  ......cà...åÃÿÿê
 40f4 08209de5 5d0052e3 0300000a 3c0052e3  . .å].Rã....<.Rã
 4104 ecffff1a 0c309de5 f5ffffea 0500a0e1  ìÿÿ..0.åõÿÿê.. á
 4114 6afeffeb 010050e3 0800000a 08209de5  jþÿë..Pã..... .å
 4124 001094e5 f4ffffea 001094e5 0820a0e3  ...åôÿÿê...å.  ã
 4134 002087e5 010081e2 000084e5 afffffea  . .å...â...å¯ÿÿê
 4144 003094e5 0500a0e1 3e20a0e3 011083e2  .0.å.. á>  ã...â
 4154 5afeffeb 010050e3 efffff1a 001094e5  Zþÿë..Pãïÿÿ....å
 4164 00c0e0e3 0c309de5 00c087e5 dcffffea  .Ààã.0.å.À.åÜÿÿê
 4174 24309fe5 0610a0e3 001087e5 03608fe0  $0.å.. ã...å.`.à
 4184 bbffffea 14609fe5 0700a0e3 000087e5  »ÿÿê.`.å.. ã...å
 4194 06608fe0 b6ffffea cc0d0000 b80c0000  .`.à¶ÿÿêÌ...¸...
 41a4 9c0c0000 f0452de9 00c0a0e3 14d04de2  ....ðE-é.À ã.ÐMâ
 41b4 00c082e5 0240a0e1 0060a0e1 0150a0e1  .À.å.@ á.` á.P á
 41c4 0370a0e1 4efeffeb 00a050e2 0800001a  .p áNþÿë. Pâ....
 41d4 003095e5 090053e3 0500000a 100053e3  .0.å..Sã......Sã
 41e4 0600000a 010053e3 0100000a 00c0e0e3  ......Sã.....Ààã
 41f4 00c085e5 0a00a0e1 14d08de2 f085bde8  .À.å.. á.Ð.âð.½è
 4204 00a084e5 0a10a0e1 08208de2 0c308de2  . .å.. á. .â.0.â
 4214 0600a0e1 00708de5 59f3ffeb 08809de5  .. á.p.åYóÿë...å
 4224 001094e5 0c209de5 223048e2 021081e0  ...å. .å"0Hâ...à
 4234 001084e5 00a0a0e1 1d0053e3 03f18f90  ...å.  á..Sã.ñ..
 4244 270000ea 4e0000ea 250000ea 240000ea  '..êN..ê%..ê$..ê
 4254 230000ea 220000ea 490000ea 200000ea  #..ê"..êI..ê ..ê
 4264 1f0000ea 1e0000ea 1d0000ea 1c0000ea  ...ê...ê...ê...ê
 4274 1b0000ea 1a0000ea 530000ea 180000ea  ...ê...êS..ê...ê
 4284 170000ea 160000ea 150000ea 140000ea  ...ê...ê...ê...ê
 4294 130000ea 120000ea 110000ea 100000ea  ...ê...ê...ê...ê
 42a4 0f0000ea 0e0000ea 0d0000ea 0c0000ea  ...ê...ê...ê...ê
 42b4 4f0000ea 0a0000ea ffffffea 01e081e2  O..ê...êÿÿÿê.à.â
 42c4 0600a0e1 00e084e5 3e20a0e3 fbfdffeb  .. á.à.å>  ãûýÿë
 42d4 010050e3 0000e013 0a00a003 000085e5  ..Pã..à... ....å
 42e4 c3ffffea 61c048e2 413048e2 190053e3  ÃÿÿêaÀHâA0Hâ..Sã
 42f4 19005c83 4100008a 12a0a0e3 00a085e5  ..\.A....  ã. .å
 4304 0c308de2 0600a0e1 08208de2 00708de5  .0.â.. á. .â.p.å
 4314 1bf3ffeb 001094e5 0c309de5 011083e0  .óÿë...å.0.å...à
 4324 001084e5 00a050e2 1200001a 08209de5  ...å. Pâ..... .å
 4334 61e042e2 410042e2 190050e3 19005e83  aàBâA.Bâ..Pã..^.
 4344 305042e2 edffff9a 090055e3 ebffff9a  0PBâíÿÿ...Uãëÿÿ.
 4354 2e0052e3 e9ffff0a 2d0052e3 e7ffff0a  ..Rãéÿÿ.-.Rãçÿÿ.
 4364 3a0052e3 e5ffff0a 5f0052e3 e3ffff0a  :.Rãåÿÿ._.Rããÿÿ.
 4374 b70052e3 e1ffff0a 012063e0 002084e5  ·.Rãáÿÿ.. cà. .å
 4384 9bffffea 7880efe6 13a0a0e3 00a085e5  .ÿÿêx.ïæ.  ã. .å
 4394 0c308de2 0600a0e1 08208de2 00708de5  .0.â.. á. .â.p.å
 43a4 f7f2ffeb 001094e5 0c309de5 031081e0  ÷òÿë...å.0.å...à
 43b4 001084e5 00a050e2 8dffff1a 08209de5  ...å. Pâ.ÿÿ.. .å
 43c4 020058e1 f1ffff1a 89ffffea 01e081e2  ..Xáñÿÿ..ÿÿê.à.â
 43d4 0600a0e1 00e084e5 3e20a0e3 b7fdffeb  .. á.à.å>  ã·ýÿë
 43e4 010050e3 0000e013 0c00a003 000085e5  ..Pã..à... ....å
 43f4 7fffffea 11c0a0e3 00c085e5 7cffffea  .ÿÿê.À ã.À.å|ÿÿê
 4404 5f0058e3 bbffff0a 3a0058e3 76ffff1a  _.Xã»ÿÿ.:.Xãvÿÿ.
 4414 b8ffffea f0412de9 00c0a0e3 10d04de2  ¸ÿÿêðA-é.À ã.ÐMâ
 4424 00c082e5 0240a0e1 0050a0e1 0170a0e1  .À.å.@ á.P á.p á
 4434 0360a0e1 b2fdffeb 008050e2 0400001a  .` á²ýÿë..Pâ....
 4444 003097e5 100053e3 0400009a 0020e0e3  .0.å..Sã..... àã
 4454 002087e5 0800a0e1 10d08de2 f081bde8  . .å.. á.Ð.âð.½è
 4464 0110a0e3 062200e3 1128dfe7 112312e0  .. ã.".ã.(ßç.#.à
 4474 f5ffff0a 008084e5 0810a0e1 0c308de2  õÿÿ....å.. á.0.â
 4484 0500a0e1 08208de2 00608de5 bcf2ffeb  .. á. .â.`.å¼òÿë
 4494 008094e5 0c309de5 031088e0 001084e5  ...å.0.å...à...å
 44a4 008050e2 eaffff1a 08209de5 5d0052e3  ..Pâêÿÿ.. .å].Rã
 44b4 2900000a 1020a0e3 0c308de2 002087e5  )....  ã.0.â. .å
 44c4 0500a0e1 08208de2 00608de5 acf2ffeb  .. á. .â.`.å¬òÿë
 44d4 008050e2 0d00001a 08209de5 5d0052e3  ..Pâ..... .å].Rã
 44e4 0f00000a 008094e5 0c308de2 0c109de5  .......å.0.â...å
 44f4 08208de2 0500a0e1 011088e0 001084e5  . .â.. á...à...å
 4504 00608de5 9ef2ffeb 008050e2 f1ffff0a  .`.å.òÿë..Pâñÿÿ.
 4514 00c094e5 0ce09de5 0e008ce0 000084e5  .À.å.à.å...à...å
 4524 cbffffea 001094e5 0500a0e1 011081e2  Ëÿÿê...å.. á...â
 4534 62fdffeb 010050e3 e9ffff1a 003094e5  býÿë..Pãéÿÿ..0.å
 4544 0500a0e1 3e20a0e3 021083e2 5bfdffeb  .. á>  ã...â[ýÿë
 4554 010050e3 e2ffff1a bdffffea 0500a0e1  ..Pãâÿÿ.½ÿÿê.. á
 4564 56fdffeb 001094e5 010050e3 d0ffff1a  Výÿë...å..PãÐÿÿ.
 4574 011081e2 0500a0e1 3e20a0e3 4ffdffeb  ...â.. á>  ãOýÿë
 4584 010050e3 00109415 c9ffff1a 00e094e5  ..Pã....Éÿÿ..à.å
 4594 0bc0a0e3 00c087e5 02008ee2 000084e5  .À ã.À.å...â...å
 45a4 abffffea f0412de9 00c0a0e3 10d04de2  «ÿÿêðA-é.À ã.ÐMâ
 45b4 0170a0e1 0240a0e1 0050a0e1 0c10a0e1  .p á.@ á.P á.. á
 45c4 0360a0e1 00c082e5 1430a0e3 003087e5  .` á.À.å.0 ã.0.å
 45d4 08208de2 0c308de2 0500a0e1 00608de5  . .â.0.â.. á.`.å
 45e4 67f2ffeb 008050e2 0200000a 0800a0e1  gòÿë..Pâ...... á
 45f4 10d08de2 f081bde8 08009de5 3f0050e3  .Ð.âð.½è...å?.Pã
 4604 0400000a 008094e5 0cc09de5 0c1088e0  .......å.À.å...à
 4614 001084e5 edffffea 001094e5 0500a0e1  ...åíÿÿê...å.. á
 4624 3e20a0e3 011081e2 24fdffeb 010050e3  >  ã...â$ýÿë..Pã
 4634 f3ffff1a 002094e5 000052e3 0a30a003  óÿÿ.. .å..Rã.0 .
 4644 02e0a003 00308705 00e08405 e6ffffea  .à ..0...à..æÿÿê
 4654 f0412de9 00c0a0e3 10d04de2 00c082e5  ðA-é.À ã.ÐMâ.À.å
 4664 0240a0e1 0050a0e1 0170a0e1 0360a0e1  .@ á.P á.p á.` á
 4674 23fdffeb 008050e2 0600001a 003097e5  #ýÿë..Pâ.....0.å
 4684 010053e3 0300000a 100053e3 0400000a  ..Sã......Sã....
 4694 0020e0e3 002087e5 0800a0e1 10d08de2  . àã. .å.. á.Ð.â
 46a4 f081bde8 008084e5 0810a0e1 0500a0e1  ð.½è...å.. á.. á
 46b4 08208de2 0c308de2 00608de5 30f2ffeb  . .â.0.â.`.å0òÿë
 46c4 008050e2 f3ffff1a 08209de5 2d0052e3  ..Pâóÿÿ.. .å-.Rã
 46d4 2a00000a 001094e5 1580a0e3 08208de2  *......å.. ã. .â
 46e4 008087e5 0c308de2 0500a0e1 00608de5  ...å.0.â.. á.`.å
 46f4 23f2ffeb 008050e2 0d00001a 08209de5  #òÿë..Pâ..... .å
 4704 2d0052e3 0f00000a 008094e5 08208de2  -.Rã.......å. .â
 4714 0cc09de5 0c308de2 0500a0e1 0c1088e0  .À.å.0.â.. á...à
 4724 001084e5 00608de5 15f2ffeb 008050e2  ...å.`.å.òÿë..Pâ
 4734 f1ffff0a 00e094e5 0c009de5 00308ee0  ñÿÿ..à.å...å.0.à
 4744 003084e5 d3ffffea 00c094e5 0500a0e1  .0.åÓÿÿê.À.å.. á
 4754 01108ce2 d9fcffeb 010050e3 e9ffff1a  ...âÙüÿë..Pãéÿÿ.
 4764 001094e5 0500a0e1 3e20a0e3 021081e2  ...å.. á>  ã...â
 4774 d2fcffeb 010050e3 c4ffff1a c5ffffea  Òüÿë..PãÄÿÿ.Åÿÿê
 4784 001094e5 0500a0e1 011081e2 cbfcffeb  ...å.. á...âËüÿë
 4794 010050e3 ceffff1a 003094e5 0500a0e1  ..PãÎÿÿ..0.å.. á
 47a4 3e20a0e3 021083e2 c4fcffeb 010050e3  >  ã...âÄüÿë..Pã
 47b4 c7ffff1a 00e094e5 0d20a0e3 002087e5  Çÿÿ..à.å.  ã. .å
 47c4 03008ee2 000084e5 b2ffffea f0412de9  ...â...å²ÿÿêðA-é
 47d4 00c0a0e3 10d04de2 00c082e5 0240a0e1  .À ã.ÐMâ.À.å.@ á
 47e4 0060a0e1 0150a0e1 0370a0e1 c4fcffeb  .` á.P á.p áÄüÿë
 47f4 008050e2 0600001a 003095e5 010053e3  ..Pâ.....0.å..Sã
 4804 0300000a 100053e3 0030e013 00308515  ......Sã.0à..0..
 4814 0200000a 0800a0e1 10d08de2 f081bde8  ...... á.Ð.âð.½è
 4824 008084e5 0810a0e1 0c308de2 0600a0e1  ...å.. á.0.â.. á
 4834 08208de2 00708de5 d1f1ffeb 001094e5  . .â.p.åÑñÿë...å
 4844 0c309de5 031081e0 001084e5 008050e2  .0.å...à...å..Pâ
 4854 efffff1a 08009de5 3f0050e3 ecffff1a  ïÿÿ....å?.Pãìÿÿ.
 4864 3e20a0e3 01e081e2 0600a0e1 00e084e5  >  ã.à.â.. á.à.å
 4874 92fcffeb 010050e3 0a20a003 00208505  .üÿë..Pã.  .. ..
 4884 e3ffffea 010050e3 70402de9 0050a093  ãÿÿê..Pãp@-é.P .
 4894 0150a083 010050e3 06005193 10609de5  .P ...Pã..Q..`.å
 48a4 14409de5 1800008a 000052e3 1600000a  .@.å......Rã....
 48b4 00c092e5 00005ce3 1300000a 0cc092e5  .À.å..\ã.....À.å
 48c4 00005ce3 00005313 0f00000a 000056e3  ..\ã..S.......Vã
 48d4 00005413 0c00000a 54c09fe5 800160e0  ..T.....TÀ.å..`à
 48e4 011080e0 0c008fe0 01c190e7 00005ce3  ...à...à.Á.ç..\ã
 48f4 0500000a 0310a0e1 0200a0e1 0430a0e1  ...... á.. á.0 á
 4904 0620a0e1 3cff2fe1 7080bde8 000054e3  .  á<ÿ/áp.½è..Tã
 4914 0500000a 000055e3 0000e0e3 0150a003  ......Uã..àã.P .
 4924 0450a013 005084e5 7080bde8 0000e0e3  .P ..P.åp.½è..àã
 4934 7080bde8 7c250000 010050e3 f0412de9  p.½è|%....PãðA-é
 4944 00c0a093 01c0a083 000053e3 01c08c03  .À ..À ...Sã.À..
 4954 00005ce3 0350a0e1 0260a0e1 18809de5  ..\ã.P á.` á...å
 4964 1c409de5 2b00001a 003093e5 000053e3  .@.å+....0.å..Sã
 4974 2800000a 04c095e5 00005ce3 00005413  (....À.å..\ã..T.
 4984 2400000a ec709fe5 07208fe0 007192e7  $...ìp.å. .à.q.ç
 4994 000057e3 1f00000a 0132d7e7 017287e0  ..Wã.....2×ç.r.à
 49a4 000053e3 0630a003 0000e003 00308405  ..Sã.0 ...à..0..
 49b4 f081bd08 042097e5 000052e3 0200000a  ð.½.. .å..Rã....
 49c4 081097e5 000051e3 2200001a 0c20d7e5  ...å..Qã".... ×å
 49d4 010052e3 0000a013 f081bd18 000056e3  ..Rã.. .ð.½...Vã
 49e4 1a00000a 002096e5 000052e3 1f00000a  ..... .å..Rã....
 49f4 04c095e5 0500a0e1 041096e5 0830a0e1  .À.å.. á...å.0 á
 4a04 3cff2fe1 000050e3 f081bd08 0210a0e3  <ÿ/á..Pãð.½... ã
 4a14 001084e5 f081bde8 000054e3 0b00000a  ...åð.½è..Tã....
 4a24 010050e3 0410a083 0200009a 001084e5  ..Pã.. ........å
 4a34 0000e0e3 f081bde8 1a0051e3 0000e0e3  ..àãð.½è..Qã..àã
 4a44 0110a0d3 0610a0c3 001084e5 f081bde8  .. Ó.. Ã...åð.½è
 4a54 0000e0e3 f081bde8 0500a0e1 0830a0e1  ..àãð.½è.. á.0 á
 4a64 3cff2fe1 000050e3 d7ffff0a e6ffffea  <ÿ/á..Pã×ÿÿ.æÿÿê
 4a74 0000e0e3 f081bde8 10250000 0c002de9  ..àãð.½è.%....-é
 4a84 04e02de5 0cd04de2 14308de2 10209de5  .à-å.ÐMâ.0.â. .å
 4a94 04308de5 9ff0ffeb 0cd08de2 04e09de4  .0.å.ðÿë.Ð.â.à.ä
 4aa4 08d08de2 1eff2fe1 04008fe2 000090e5  .Ð.â.ÿ/á...â...å
 4ab4 9bf0ffea 20700000                    .ðÿê p..        
Contents of section .ARM.exidx:
 4abc 78c2ff7f b0b0a880 04c3ff7f b0b0ac80  xÂÿ.°°¨..Ãÿ.°°¬.
 4acc 10c4ff7f b0b0a080 b4c4ff7f b0ae0180  .Äÿ.°° .´Äÿ.°®..
 4adc 70c6ff7f b0ab0480 d0c6ff7f b0ac0180  pÆÿ.°«..ÐÆÿ.°¬..
 4aec 80c7ff7f ac030000 34c8ff7f b0ac0180  .Çÿ.¬...4Èÿ.°¬..
 4afc 24ccff7f a8030000 34cdff7f b0ac0180  $Ìÿ.¨...4Íÿ.°¬..
 4b0c 98cdff7f b0b0a280 18ceff7f b0aa0180  .Íÿ.°°¢..Îÿ.°ª..
 4b1c 4cd1ff7f 5f840280 e0d4ff7f b0ac0180  LÑÿ._...àÔÿ.°¬..
 4b2c 40d9ff7f b0ab0280 b8dbff7f b0ac0180  @Ùÿ.°«..¸Ûÿ.°¬..
 4b3c 70dcff7f b0b0aa80 a8dcff7f ab08b180  pÜÿ.°°ª.¨Üÿ.«.±.
 4b4c 40ddff7f b0aa0380 acddff7f 5f840480  @Ýÿ.°ª..¬Ýÿ._...
 4b5c 90dfff7f b0b0b080 98dfff7f ae03b280  .ßÿ.°°°..ßÿ.®.².
 4b6c 24e1ff7f b0ab0480 44e2ff7f b0ae0380  $áÿ.°«..Dâÿ.°®..
 4b7c 48e3ff7f b0ac0180 f8e3ff7f b0af0c80  Hãÿ.°¬..øãÿ.°¯..
 4b8c 10e8ff7f af0eb280 1ceeff7f b0b0ac80  .èÿ.¯.²..îÿ.°°¬.
 4b9c 28efff7f b0a80580 64efff7f b0ac0380  (ïÿ.°¨..dïÿ.°¬..
 4bac 40f1ff7f b0ab0480 c0f2ff7f b0ac0380  @ñÿ.°«..Àòÿ.°¬..
 4bbc ecf5ff7f 5f840480 54f8ff7f b0ac0380  ìõÿ._...Tøÿ.°¬..
 4bcc bcfcff7f b0b0aa80 68fdff7f b0b0ac80  ¼üÿ.°°ª.hýÿ.°°¬.
 4bdc a4feff7f d4020000 c8feff7f b0b0b080  ¤þÿ.Ô...Èþÿ.°°°.
 4bec d0feff7f 01000000                    Ðþÿ.....        
Contents of section .rodata:
 4bf4 76657273 696f6e00 656e636f 64696e67  version.encoding
 4c04 00000000 7374616e 64616c6f 6e650000  ....standalone..
 4c14 312e3000 79657300 6e6f0000 61736369  1.0.yes.no..asci
 4c24 69000000 69736f2d 38383539 2d310000  i...iso-8859-1..
 4c34 5554462d 38000000 00000000 7f000000  UTF-8...........
 4c44 80000000 ff070000 00080000 ffff0000  ....ÿ.......ÿÿ..
 4c54 00000100 ffff1f00 00002000 ffffff03  ....ÿÿ.... .ÿÿÿ.
 4c64 00000004 ffffff7f 496e7661 6c696420  ....ÿÿÿ.Invalid 
 4c74 6e6f6465 20747970 65202564 00000000  node type %d....
 4c84 786d6c64 65636c20 6e6f6465 20776974  xmldecl node wit
 4c94 68206368 696c6420 25700000 25730000  h child %p..%s..
 4ca4 76656e64 6f722f71 636f6d2f 70726f70  vendor/qcom/prop
 4cb4 72696574 6172792f 786d6c6c 69622f73  rietary/xmllib/s
 4cc4 72632f78 6d6c6c69 625f6765 6e657261  rc/xmllib_genera
 4cd4 746f722e 63000000 444f4354 59504500  tor.c...DOCTYPE.
 4ce4 5b434441 54415b00 2d2d0000 20000000  [CDATA[.--.. ...
 4cf4 3c000000 3c3f0000 3c3f786d 6c000000  <...<?..<?xml...
 4d04 3c212d2d 00000000 3c215b43 44415441  <!--....<![CDATA
 4d14 5b000000 3c2f0000 3e000000 3f3e0000  [...</..>...?>..
 4d24 5d5d3e00 2f3e0000 2d2d3e00 26000000  ]]>./>..-->.&...
 4d34 26230000 3d000000 3b000000 04000000  &#..=...;.......
 4d44 05000000 09000000 06000000 07000000  ................
 4d54 08000000 09000000 556e6578 70656374  ........Unexpect
 4d64 6564206e 6f64652d 74797065 3a202564  ed node-type: %d
 4d74 20696e20 6e6f6465 3a203078 25700000   in node: 0x%p..
 4d84 786d6c6c 69625f70 61727365 725f7061  xmllib_parser_pa
 4d94 7273653a 20446961 6720696e 69742066  rse: Diag init f
 4da4 61696c65 64000000 496e7661 6c696420  ailed...Invalid 
 4db4 6f636375 72616e63 65206f66 20746f6b  occurance of tok
 4dc4 656e2025 64000000 25730000 76656e64  en %d...%s..vend
 4dd4 6f722f71 636f6d2f 70726f70 72696574  or/qcom/propriet
 4de4 6172792f 786d6c6c 69622f73 72632f78  ary/xmllib/src/x
 4df4 6d6c6c69 625f7061 72736572 2e630000  mllib_parser.c..
 4e04 76657273 696f6e00 656e636f 64696e67  version.encoding
 4e14 00000000 7374616e 64616c6f 6e650000  ....standalone..
 4e24 312e3000 79657300 6e6f0000 61736369  1.0.yes.no..asci
 4e34 69000000 444f4354 59504500 5b434441  i...DOCTYPE.[CDA
 4e44 54415b00 2d2d0000 20000000 3c000000  TA[.--.. ...<...
 4e54 3c3f0000 3c3f786d 6c000000 3c212d2d  <?..<?xml...<!--
 4e64 00000000 3c215b43 44415441 5b000000  ....<![CDATA[...
 4e74 3c2f0000 3e000000 3f3e0000 5d5d3e00  </..>...?>..]]>.
 4e84 2f3e0000 2d2d3e00 26000000 26230000  />..-->.&...&#..
 4e94 3d000000 3b000000                    =...;...        
Contents of section .ARM.extab:
 4e9c 04b20181 b0b05f84 00000000 04b20181  .²..°°_......²..
 4eac b0b05f84 00000000 84020181 b00cb100  °°_.........°.±.
 4ebc 00000000                             ....            
Contents of section .data.rel.ro.local:
 6a24 f44b0000 02000000 fc4b0000 02000000  ôK......üK......
 6a34 084c0000 02000000 144c0000 00000000  .L.......L......
 6a44 184c0000 00000000 1c4c0000 00000000  .L.......L......
 6a54 204c0000 00000000 284c0000 00000000   L......(L......
 6a64 344c0000 00000000 12014400 08000000  4L........D.....
 6a74 a04c0000 a44c0000 93034400 08000000   L..¤L....D.....
 6a84 a04c0000 a44c0000 00000000 00000000   L..¤L..........
 6a94 00000000 00000000 01000000 f04c0000  ............ðL..
 6aa4 01000000 00000000 01000000 f44c0000  ............ôL..
 6ab4 01000000 00000000 01000000 f84c0000  ............øL..
 6ac4 02000000 00000000 01000000 fc4c0000  ............üL..
 6ad4 05000000 00000000 01000000 044d0000  .............M..
 6ae4 04000000 00000000 01000000 0c4d0000  .............M..
 6af4 09000000 00000000 00000000 00000000  ................
 6b04 00000000 00000000 01000000 184d0000  .............M..
 6b14 02000000 00000000 01000000 1c4d0000  .............M..
 6b24 01000000 00000000 01000000 204d0000  ............ M..
 6b34 02000000 00000000 01000000 244d0000  ............$M..
 6b44 03000000 00000000 01000000 284d0000  ............(M..
 6b54 02000000 00000000 01000000 2c4d0000  ............,M..
 6b64 03000000 00000000 01000000 304d0000  ............0M..
 6b74 01000000 01000000 01000000 344d0000  ............4M..
 6b84 02000000 00000000 01000000 00000000  ................
 6b94 00000000 01000000 01000000 384d0000  ............8M..
 6ba4 01000000 00000000 01000000 00000000  ................
 6bb4 00000000 01000000 01000000 00000000  ................
 6bc4 00000000 01000000 01000000 00000000  ................
 6bd4 00000000 01000000 01000000 00000000  ................
 6be4 00000000 01000000 01000000 00000000  ................
 6bf4 00000000 01000000 01000000 3c4d0000  ............<M..
 6c04 01000000 00000000 00000000 00000000  ................
 6c14 00000000 00000000 00000000 00000000  ................
 6c24 00000000 00000000 00000000 00000000  ................
 6c34 00000000 00000000 39074400 08000000  ........9.D.....
 6c44 cc4d0000 d04d0000 41064400 08000000  ÌM..ÐM..A.D.....
 6c54 cc4d0000 d04d0000 aa064400 08000000  ÌM..ÐM..ª.D.....
 6c64 cc4d0000 d04d0000 044e0000 02000000  ÌM..ÐM...N......
 6c74 0c4e0000 02000000 184e0000 02000000  .N.......N......
 6c84 244e0000 00000000 284e0000 00000000  $N......(N......
 6c94 2c4e0000 00000000 304e0000 00000000  ,N......0N......
 6ca4 304e0000 00000000 304e0000 00000000  0N......0N......
 6cb4 00000000 00000000 00000000 00000000  ................
 6cc4 01000000 4c4e0000 01000000 00000000  ....LN..........
 6cd4 01000000 504e0000 01000000 00000000  ....PN..........
 6ce4 01000000 544e0000 02000000 00000000  ....TN..........
 6cf4 01000000 584e0000 05000000 00000000  ....XN..........
 6d04 01000000 604e0000 04000000 00000000  ....`N..........
 6d14 01000000 684e0000 09000000 00000000  ....hN..........
 6d24 00000000 00000000 00000000 00000000  ................
 6d34 01000000 744e0000 02000000 00000000  ....tN..........
 6d44 01000000 784e0000 01000000 00000000  ....xN..........
 6d54 01000000 7c4e0000 02000000 00000000  ....|N..........
 6d64 01000000 804e0000 03000000 00000000  .....N..........
 6d74 01000000 844e0000 02000000 00000000  .....N..........
 6d84 01000000 884e0000 03000000 00000000  .....N..........
 6d94 01000000 8c4e0000 01000000 01000000  .....N..........
 6da4 01000000 904e0000 02000000 00000000  .....N..........
 6db4 01000000 00000000 00000000 01000000  ................
 6dc4 01000000 944e0000 01000000 00000000  .....N..........
 6dd4 01000000 00000000 00000000 01000000  ................
 6de4 01000000 00000000 00000000 01000000  ................
 6df4 01000000 00000000 00000000 01000000  ................
 6e04 01000000 00000000 00000000 01000000  ................
 6e14 01000000 00000000 00000000 01000000  ................
 6e24 01000000 984e0000 01000000 00000000  .....N..........
 6e34 00000000 00000000 00000000 00000000  ................
 6e44 00000000 00000000 00000000 00000000  ................
 6e54 00000000 00000000 00000000 00000000  ................
Contents of section .data.rel.ro:
 6e64 b0390000 c80d0000 681c0000 04200000  °9..È...h.... ..
 6e74 9c220000 ec1a0000 24250000 6c240000  ."..ì...$%..l$..
 6e84 ec260000 743e0000 a8410000 18440000  ì&..t>..¨A...D..
 6e94 ec3c0000 54460000 a8450000 d0470000  ì<..TF..¨E..ÐG..
 6ea4 8c6a0000 b46c0000                    .j..´l..        
Contents of section .init_array:
 6eac ffffffff 00000000                    ÿÿÿÿ....        
Contents of section .fini_array:
 6eb4 ffffffff ac4a0000 00000000           ÿÿÿÿ¬J......    
Contents of section .dynamic:
 6ec0 03000000 d46f0000 02000000 40000000  ....Ôo......@...
 6ed0 17000000 800c0000 14000000 11000000  ................
 6ee0 11000000 c8090000 12000000 b8020000  ....È.......¸...
 6ef0 13000000 08000000 faffff6f 56000000  ........úÿÿoV...
 6f00 06000000 14010000 0b000000 10000000  ................
 6f10 05000000 34040000 0a000000 30040000  ....4.......0...
 6f20 04000000 64080000 01000000 e7030000  ....d.......ç...
 6f30 01000000 f1030000 01000000 fe030000  ....ñ.......þ...
 6f40 01000000 09040000 01000000 11040000  ................
 6f50 01000000 1e040000 0e000000 26040000  ............&...
 6f60 19000000 ac6e0000 1b000000 08000000  ....¬n..........
 6f70 1a000000 b46e0000 1c000000 0c000000  ....´n..........
 6f80 16000000 00000000 10000000 00000000  ................
 6f90 1e000000 0e000000 fbffff6f 01000000  ........ûÿÿo....
 6fa0 00000000 00000000 00000000 00000000  ................
 6fb0 00000000 00000000 00000000 00000000  ................
 6fc0 00000000 00000000 00000000 00000000  ................
Contents of section .got:
 6fd0 00000000 00000000 00000000 00000000  ................
 6fe0 c00c0000 c00c0000 c00c0000 c00c0000  À...À...À...À...
 6ff0 c00c0000 c00c0000 c00c0000 c00c0000  À...À...À...À...
Contents of section .data:
 7000 b0150000 d8140000 38180000 dc130000  °...Ø...8...Ü...
 7010 28130000 20170000                    (... ...        
Contents of section .comment:
 0000 00474343 3a202847 4e552920 342e362e  .GCC: (GNU) 4.6.
 0010 782d676f 6f676c65 20323031 32303130  x-google 2012010
 0020 36202870 72657265 6c656173 652900    6 (prerelease). 
Contents of section .note.gnu.gold-version:
 0000 04000000 09000000 04000000 474e5500  ............GNU.
 0010 676f6c64 20312e31 30000000           gold 1.10...    
Contents of section .ARM.attributes:
 0000 41350000 00616561 62690001 2b000000  A5...aeabi..+...
 0010 0541524d 20763700 060a0741 08010902  .ARM v7....A....
 0020 0a030c01 12041401 15011703 18011a02  ................
 0030 1b031e02 2c01                        ....,.          
Contents of section .gnu_debuglink:
 0000 6c696278 6d6c2e73 6f000000 933bf619  libxml.so....;ö.
